[0.066s] Invoking command in '/home/ake/A.Ke/A.Ke_common/cloudpoint_pcd/src/pcd_learn/build/pcd_learn': CMAKE_PREFIX_PATH=/opt/ros/humble CONDA_PROMPT_MODIFIER=(base) /usr/bin/cmake --build /home/ake/A.Ke/A.Ke_common/cloudpoint_pcd/src/pcd_learn/build/pcd_learn -- -j2 -l2
[0.489s] -- Found ament_cmake: 1.3.9 (/opt/ros/humble/share/ament_cmake/cmake)
[1.530s] -- Eigen found (include: /usr/include/eigen3, version: 3.4.0)
[1.766s] -- Found Boost: /usr/lib/x86_64-linux-gnu/cmake/Boost-1.74.0/BoostConfig.cmake (found suitable version "1.74.0", minimum required is "1.65.0") found components: system filesystem date_time iostreams serialization 
[1.851s] -- OpenNI found (version: 1.5.4.0, include: /usr/include/ni, lib: /usr/lib/libOpenNI.so;libusb::libusb)
[1.897s] -- OpenNI2 found (version: 2.2.0.33, include: /usr/include/openni2, lib: /usr/lib/x86_64-linux-gnu/libOpenNI2.so;libusb::libusb)
[1.898s] [0m** WARNING ** io features related to pcap will be disabled[0m
[1.898s] [0m** WARNING ** io features related to png will be disabled[0m
[4.611s] -- Eigen found (include: /usr/include/eigen3, version: 3.4.0)
[4.670s] -- FLANN found (include: /usr/include, lib: /usr/lib/x86_64-linux-gnu/libflann_cpp.so)
[4.681s] -- OpenNI found (version: 1.5.4.0, include: /usr/include/ni, lib: /usr/lib/libOpenNI.so;libusb::libusb)
[4.691s] -- OpenNI2 found (version: 2.2.0.33, include: /usr/include/openni2, lib: /usr/lib/x86_64-linux-gnu/libOpenNI2.so;libusb::libusb)
[4.894s] -- looking for PCL_COMMON
[4.895s] -- looking for PCL_OCTREE
[4.895s] -- looking for PCL_IO
[4.896s] -- looking for PCL_KDTREE
[4.899s] -- looking for PCL_GEOMETRY
[4.899s] -- looking for PCL_SEARCH
[4.903s] -- looking for PCL_VISUALIZATION
[5.491s] -- Found Python3: /home/ake/miniconda3/bin/python3 (found suitable version "3.12.4", minimum required is "3.10") found components: Interpreter Development.Module Development.Embed 
[8.675s] -- Found Boost: /usr/lib/x86_64-linux-gnu/cmake/Boost-1.74.0/BoostConfig.cmake (found version "1.74.0") found components: thread 
[8.700s] -- Found ament_lint_auto: 0.12.11 (/opt/ros/humble/share/ament_lint_auto/cmake)
[10.163s] -- Added test 'cppcheck' to perform static code analysis on C / C++ code
[10.164s] -- Configured cppcheck include dirs: 
[10.166s] -- Configured cppcheck exclude dirs and/or files: 
[10.188s] -- Added test 'flake8' to check Python code syntax and style conventions
[10.228s] -- Added test 'lint_cmake' to check CMake code style
[10.251s] -- Added test 'pep257' to check Python code against some of the docstring style conventions in PEP 257
[10.283s] -- Added test 'uncrustify' to check C / C++ code style
[10.284s] -- Configured uncrustify additional arguments: 
[10.298s] -- Added test 'xmllint' to check XML markup files
[10.344s] -- Configuring done
[11.632s] [33mCMake Warning at CMakeLists.txt:20 (add_executable):
[11.632s]   Cannot generate a safe runtime search path for target pcd_learn because
[11.632s]   files in some directories may conflict with libraries in implicit
[11.632s]   directories:
[11.632s] 
[11.632s]     runtime library [libxml2.so.2] in /usr/lib/x86_64-linux-gnu may be hidden by files in:
[11.633s]       /home/ake/miniconda3/lib
[11.633s]     runtime library [libz.so.1] in /usr/lib/x86_64-linux-gnu may be hidden by files in:
[11.633s]       /home/ake/miniconda3/lib
[11.633s]     runtime library [libsqlite3.so.0] in /usr/lib/x86_64-linux-gnu may be hidden by files in:
[11.635s]       /home/ake/miniconda3/lib
[11.635s]     runtime library [libexpat.so.1] in /usr/lib/x86_64-linux-gnu may be hidden by files in:
[11.635s]       /home/ake/miniconda3/lib
[11.635s]     runtime library [liblz4.so.1] in /usr/lib/x86_64-linux-gnu may be hidden by files in:
[11.635s]       /home/ake/miniconda3/lib
[11.636s]     runtime library [liblzma.so.5] in /usr/lib/x86_64-linux-gnu may be hidden by files in:
[11.636s]       /home/ake/miniconda3/lib
[11.636s] 
[11.636s]   Some of these libraries may not be found correctly.
[11.636s] 
[11.636s] [0m
[11.684s] -- Generating done
[11.685s] -- Build files have been written to: /home/ake/A.Ke/A.Ke_common/cloudpoint_pcd/src/pcd_learn/build/pcd_learn
[11.792s] [35m[1mConsolidate compiler generated dependencies of target pcd_learn[0m
[12.190s] [100%] Built target pcd_learn
[12.219s] Invoked command in '/home/ake/A.Ke/A.Ke_common/cloudpoint_pcd/src/pcd_learn/build/pcd_learn' returned '0': CMAKE_PREFIX_PATH=/opt/ros/humble CONDA_PROMPT_MODIFIER=(base) /usr/bin/cmake --build /home/ake/A.Ke/A.Ke_common/cloudpoint_pcd/src/pcd_learn/build/pcd_learn -- -j2 -l2
[12.312s] Invoking command in '/home/ake/A.Ke/A.Ke_common/cloudpoint_pcd/src/pcd_learn/build/pcd_learn': CMAKE_PREFIX_PATH=/opt/ros/humble CONDA_PROMPT_MODIFIER=(base) /usr/bin/cmake --install /home/ake/A.Ke/A.Ke_common/cloudpoint_pcd/src/pcd_learn/build/pcd_learn
[12.330s] -- Install configuration: ""
[12.352s] -- Up-to-date: /home/ake/A.Ke/A.Ke_common/cloudpoint_pcd/src/pcd_learn/install/pcd_learn/lib/pcd_learn/pcd_learn
[12.366s] -- Up-to-date: /home/ake/A.Ke/A.Ke_common/cloudpoint_pcd/src/pcd_learn/install/pcd_learn/share/ament_index/resource_index/package_run_dependencies/pcd_learn
[12.366s] -- Up-to-date: /home/ake/A.Ke/A.Ke_common/cloudpoint_pcd/src/pcd_learn/install/pcd_learn/share/ament_index/resource_index/parent_prefix_path/pcd_learn
[12.373s] -- Up-to-date: /home/ake/A.Ke/A.Ke_common/cloudpoint_pcd/src/pcd_learn/install/pcd_learn/share/pcd_learn/environment/ament_prefix_path.sh
[12.374s] -- Installing: /home/ake/A.Ke/A.Ke_common/cloudpoint_pcd/src/pcd_learn/install/pcd_learn/share/pcd_learn/environment/ament_prefix_path.dsv
[12.409s] -- Up-to-date: /home/ake/A.Ke/A.Ke_common/cloudpoint_pcd/src/pcd_learn/install/pcd_learn/share/pcd_learn/environment/path.sh
[12.409s] -- Installing: /home/ake/A.Ke/A.Ke_common/cloudpoint_pcd/src/pcd_learn/install/pcd_learn/share/pcd_learn/environment/path.dsv
[12.409s] -- Up-to-date: /home/ake/A.Ke/A.Ke_common/cloudpoint_pcd/src/pcd_learn/install/pcd_learn/share/pcd_learn/local_setup.bash
[12.409s] -- Up-to-date: /home/ake/A.Ke/A.Ke_common/cloudpoint_pcd/src/pcd_learn/install/pcd_learn/share/pcd_learn/local_setup.sh
[12.412s] -- Up-to-date: /home/ake/A.Ke/A.Ke_common/cloudpoint_pcd/src/pcd_learn/install/pcd_learn/share/pcd_learn/local_setup.zsh
[12.413s] -- Installing: /home/ake/A.Ke/A.Ke_common/cloudpoint_pcd/src/pcd_learn/install/pcd_learn/share/pcd_learn/local_setup.dsv
[12.413s] -- Installing: /home/ake/A.Ke/A.Ke_common/cloudpoint_pcd/src/pcd_learn/install/pcd_learn/share/pcd_learn/package.dsv
[12.413s] -- Up-to-date: /home/ake/A.Ke/A.Ke_common/cloudpoint_pcd/src/pcd_learn/install/pcd_learn/share/ament_index/resource_index/packages/pcd_learn
[12.415s] -- Up-to-date: /home/ake/A.Ke/A.Ke_common/cloudpoint_pcd/src/pcd_learn/install/pcd_learn/share/pcd_learn/cmake/pcd_learnConfig.cmake
[12.416s] -- Up-to-date: /home/ake/A.Ke/A.Ke_common/cloudpoint_pcd/src/pcd_learn/install/pcd_learn/share/pcd_learn/cmake/pcd_learnConfig-version.cmake
[12.417s] -- Up-to-date: /home/ake/A.Ke/A.Ke_common/cloudpoint_pcd/src/pcd_learn/install/pcd_learn/share/pcd_learn/package.xml
[12.417s] Invoked command in '/home/ake/A.Ke/A.Ke_common/cloudpoint_pcd/src/pcd_learn/build/pcd_learn' returned '0': CMAKE_PREFIX_PATH=/opt/ros/humble CONDA_PROMPT_MODIFIER=(base) /usr/bin/cmake --install /home/ake/A.Ke/A.Ke_common/cloudpoint_pcd/src/pcd_learn/build/pcd_learn
