[ 25%] [32mBuilding CXX object CMakeFiles/tracker_node.dir/src/tracker_node.cpp.o[0m
[ 50%] [32mBuilding CXX object CMakeFiles/founder_node.dir/src/founder_node.cpp.o[0m
[32m[1mLinking CXX executable founder_node[0m
Built target founder_node
[32m[1mLinking CXX executable tracker_node[0m
Built target tracker_node
-- Install configuration: ""
-- Installing: /home/ake/A.Ke/A.Ke_common/tracker_learn/install/tracker_learn/lib/tracker_learn/founder_node
-- Set runtime path of "/home/ake/A.Ke/A.Ke_common/tracker_learn/install/tracker_learn/lib/tracker_learn/founder_node" to ""
-- Installing: /home/ake/A.Ke/A.Ke_common/tracker_learn/install/tracker_learn/lib/tracker_learn/tracker_node
-- Set runtime path of "/home/ake/A.Ke/A.Ke_common/tracker_learn/install/tracker_learn/lib/tracker_learn/tracker_node" to ""
-- Up-to-date: /home/ake/A.Ke/A.Ke_common/tracker_learn/install/tracker_learn/share/ament_index/resource_index/package_run_dependencies/tracker_learn
-- Up-to-date: /home/ake/A.Ke/A.Ke_common/tracker_learn/install/tracker_learn/share/ament_index/resource_index/parent_prefix_path/tracker_learn
-- Up-to-date: /home/ake/A.Ke/A.Ke_common/tracker_learn/install/tracker_learn/share/tracker_learn/environment/ament_prefix_path.sh
-- Up-to-date: /home/ake/A.Ke/A.Ke_common/tracker_learn/install/tracker_learn/share/tracker_learn/environment/ament_prefix_path.dsv
-- Up-to-date: /home/ake/A.Ke/A.Ke_common/tracker_learn/install/tracker_learn/share/tracker_learn/environment/path.sh
-- Up-to-date: /home/ake/A.Ke/A.Ke_common/tracker_learn/install/tracker_learn/share/tracker_learn/environment/path.dsv
-- Up-to-date: /home/ake/A.Ke/A.Ke_common/tracker_learn/install/tracker_learn/share/tracker_learn/local_setup.bash
-- Up-to-date: /home/ake/A.Ke/A.Ke_common/tracker_learn/install/tracker_learn/share/tracker_learn/local_setup.sh
-- Up-to-date: /home/ake/A.Ke/A.Ke_common/tracker_learn/install/tracker_learn/share/tracker_learn/local_setup.zsh
-- Up-to-date: /home/ake/A.Ke/A.Ke_common/tracker_learn/install/tracker_learn/share/tracker_learn/local_setup.dsv
-- Installing: /home/ake/A.Ke/A.Ke_common/tracker_learn/install/tracker_learn/share/tracker_learn/package.dsv
-- Up-to-date: /home/ake/A.Ke/A.Ke_common/tracker_learn/install/tracker_learn/share/ament_index/resource_index/packages/tracker_learn
-- Up-to-date: /home/ake/A.Ke/A.Ke_common/tracker_learn/install/tracker_learn/share/tracker_learn/cmake/tracker_learnConfig.cmake
-- Up-to-date: /home/ake/A.Ke/A.Ke_common/tracker_learn/install/tracker_learn/share/tracker_learn/cmake/tracker_learnConfig-version.cmake
-- Up-to-date: /home/ake/A.Ke/A.Ke_common/tracker_learn/install/tracker_learn/share/tracker_learn/package.xml
