[0.193s] DEBUG:colcon:Command line arguments: ['/usr/bin/colcon', 'build']
[0.193s] DEBUG:colcon:Parsed command line arguments: Namespace(log_base=None, log_level=None, verb_name='build', build_base='build', install_base='install', merge_install=False, symlink_install=False, test_result_base=None, continue_on_error=False, executor='parallel', parallel_workers=2, event_handlers=None, ignore_user_meta=False, metas=['./colcon.meta'], base_paths=['.'], packages_ignore=None, packages_ignore_regex=None, paths=None, packages_up_to=None, packages_up_to_regex=None, packages_above=None, packages_above_and_dependencies=None, packages_above_depth=None, packages_select_by_dep=None, packages_skip_by_dep=None, packages_skip_up_to=None, packages_select_build_failed=False, packages_skip_build_finished=False, packages_select_test_failures=False, packages_skip_test_passed=False, packages_select=None, packages_skip=None, packages_select_regex=None, packages_skip_regex=None, packages_start=None, packages_end=None, allow_overriding=[], cmake_args=None, cmake_target=None, cmake_target_skip_unavailable=False, cmake_clean_cache=False, cmake_clean_first=False, cmake_force_configure=False, ament_cmake_args=None, catkin_cmake_args=None, catkin_skip_building_tests=False, verb_parser=<colcon_defaults.argument_parser.defaults.DefaultArgumentsDecorator object at 0x78ad64c17f10>, verb_extension=<colcon_core.verb.build.BuildVerb object at 0x78ad64c17a00>, main=<bound method BuildVerb.main of <colcon_core.verb.build.BuildVerb object at 0x78ad64c17a00>>)
[0.521s] Level 1:colcon.colcon_core.package_discovery:discover_packages(colcon_meta) check parameters
[0.523s] Level 1:colcon.colcon_core.package_discovery:discover_packages(recursive) check parameters
[0.523s] Level 1:colcon.colcon_core.package_discovery:discover_packages(ignore) check parameters
[0.523s] Level 1:colcon.colcon_core.package_discovery:discover_packages(path) check parameters
[0.523s] Level 1:colcon.colcon_core.package_discovery:discover_packages(colcon_meta) discover
[0.523s] Level 1:colcon.colcon_core.package_discovery:discover_packages(recursive) discover
[0.523s] INFO:colcon.colcon_core.package_discovery:Crawling recursively for packages in '/home/ake/A.Ke/A.Ke_common/tracker_learn'
[0.523s] Level 1:colcon.colcon_core.package_identification:_identify(.) by extensions ['ignore', 'ignore_ament_install']
[0.523s] Level 1:colcon.colcon_core.package_identification:_identify(.) by extension 'ignore'
[0.523s] Level 1:colcon.colcon_core.package_identification:_identify(.) by extension 'ignore_ament_install'
[0.523s] Level 1:colcon.colcon_core.package_identification:_identify(.) by extensions ['colcon_pkg']
[0.524s] Level 1:colcon.colcon_core.package_identification:_identify(.) by extension 'colcon_pkg'
[0.524s] Level 1:colcon.colcon_core.package_identification:_identify(.) by extensions ['colcon_meta']
[0.524s] Level 1:colcon.colcon_core.package_identification:_identify(.) by extension 'colcon_meta'
[0.524s] Level 1:colcon.colcon_core.package_identification:_identify(.) by extensions ['ros']
[0.524s] Level 1:colcon.colcon_core.package_identification:_identify(.) by extension 'ros'
[0.557s] DEBUG:colcon.colcon_core.package_identification:Package '.' with type 'ros.ament_cmake' and name 'tracker_learn'
[0.558s] Level 1:colcon.colcon_core.package_discovery:discover_packages(recursive) using defaults
[0.558s] Level 1:colcon.colcon_core.package_discovery:discover_packages(ignore) discover
[0.558s] Level 1:colcon.colcon_core.package_discovery:discover_packages(ignore) using defaults
[0.558s] Level 1:colcon.colcon_core.package_discovery:discover_packages(path) discover
[0.558s] Level 1:colcon.colcon_core.package_discovery:discover_packages(path) using defaults
[0.594s] Level 1:colcon.colcon_core.package_discovery:discover_packages(prefix_path) check parameters
[0.595s] Level 1:colcon.colcon_core.package_discovery:discover_packages(prefix_path) discover
[0.601s] DEBUG:colcon.colcon_installed_package_information.package_discovery:Found 328 installed packages in /opt/ros/humble
[0.605s] Level 1:colcon.colcon_core.package_discovery:discover_packages(prefix_path) using defaults
[0.702s] Level 5:colcon.colcon_core.verb:set package 'tracker_learn' build argument 'cmake_args' from command line to 'None'
[0.703s] Level 5:colcon.colcon_core.verb:set package 'tracker_learn' build argument 'cmake_target' from command line to 'None'
[0.703s] Level 5:colcon.colcon_core.verb:set package 'tracker_learn' build argument 'cmake_target_skip_unavailable' from command line to 'False'
[0.703s] Level 5:colcon.colcon_core.verb:set package 'tracker_learn' build argument 'cmake_clean_cache' from command line to 'False'
[0.703s] Level 5:colcon.colcon_core.verb:set package 'tracker_learn' build argument 'cmake_clean_first' from command line to 'False'
[0.703s] Level 5:colcon.colcon_core.verb:set package 'tracker_learn' build argument 'cmake_force_configure' from command line to 'False'
[0.703s] Level 5:colcon.colcon_core.verb:set package 'tracker_learn' build argument 'ament_cmake_args' from command line to 'None'
[0.703s] Level 5:colcon.colcon_core.verb:set package 'tracker_learn' build argument 'catkin_cmake_args' from command line to 'None'
[0.703s] Level 5:colcon.colcon_core.verb:set package 'tracker_learn' build argument 'catkin_skip_building_tests' from command line to 'False'
[0.703s] DEBUG:colcon.colcon_core.verb:Building package 'tracker_learn' with the following arguments: {'ament_cmake_args': None, 'build_base': '/home/ake/A.Ke/A.Ke_common/tracker_learn/build/tracker_learn', 'catkin_cmake_args': None, 'catkin_skip_building_tests': False, 'cmake_args': None, 'cmake_clean_cache': False, 'cmake_clean_first': False, 'cmake_force_configure': False, 'cmake_target': None, 'cmake_target_skip_unavailable': False, 'install_base': '/home/ake/A.Ke/A.Ke_common/tracker_learn/install/tracker_learn', 'merge_install': False, 'path': '/home/ake/A.Ke/A.Ke_common/tracker_learn', 'symlink_install': False, 'test_result_base': None}
[0.703s] INFO:colcon.colcon_core.executor:Executing jobs using 'parallel' executor
[0.708s] DEBUG:colcon.colcon_parallel_executor.executor.parallel:run_until_complete
[0.708s] INFO:colcon.colcon_ros.task.ament_cmake.build:Building ROS package in '/home/ake/A.Ke/A.Ke_common/tracker_learn' with build type 'ament_cmake'
[0.709s] INFO:colcon.colcon_cmake.task.cmake.build:Building CMake package in '/home/ake/A.Ke/A.Ke_common/tracker_learn'
[0.715s] INFO:colcon.colcon_core.plugin_system:Skipping extension 'colcon_core.shell.bat': Not used on non-Windows systems
[0.717s] INFO:colcon.colcon_core.shell:Skip shell extension 'powershell' for command environment: Not usable outside of PowerShell
[0.717s] DEBUG:colcon.colcon_core.shell:Skip shell extension 'dsv' for command environment
[0.751s] DEBUG:colcon.colcon_core.event_handler.log_command:Invoking command in '/home/ake/A.Ke/A.Ke_common/tracker_learn/build/tracker_learn': CMAKE_PREFIX_PATH=/opt/ros/humble /usr/bin/cmake --build /home/ake/A.Ke/A.Ke_common/tracker_learn/build/tracker_learn -- -j2 -l2
[33.720s] DEBUG:colcon.colcon_core.event_handler.log_command:Invoked command in '/home/ake/A.Ke/A.Ke_common/tracker_learn/build/tracker_learn' returned '0': CMAKE_PREFIX_PATH=/opt/ros/humble /usr/bin/cmake --build /home/ake/A.Ke/A.Ke_common/tracker_learn/build/tracker_learn -- -j2 -l2
[33.816s] DEBUG:colcon.colcon_core.event_handler.log_command:Invoking command in '/home/ake/A.Ke/A.Ke_common/tracker_learn/build/tracker_learn': CMAKE_PREFIX_PATH=/opt/ros/humble /usr/bin/cmake --install /home/ake/A.Ke/A.Ke_common/tracker_learn/build/tracker_learn
[33.841s] Level 1:colcon.colcon_core.environment:create_environment_scripts_only(tracker_learn)
[33.844s] Level 1:colcon.colcon_core.environment:checking '/home/ake/A.Ke/A.Ke_common/tracker_learn/install/tracker_learn' for CMake module files
[33.845s] Level 1:colcon.colcon_core.environment:checking '/home/ake/A.Ke/A.Ke_common/tracker_learn/install/tracker_learn' for CMake config files
[33.845s] Level 1:colcon.colcon_core.shell:create_environment_hook('tracker_learn', 'cmake_prefix_path')
[33.846s] DEBUG:colcon.colcon_core.event_handler.log_command:Invoked command in '/home/ake/A.Ke/A.Ke_common/tracker_learn/build/tracker_learn' returned '0': CMAKE_PREFIX_PATH=/opt/ros/humble /usr/bin/cmake --install /home/ake/A.Ke/A.Ke_common/tracker_learn/build/tracker_learn
[33.847s] INFO:colcon.colcon_core.shell:Creating environment hook '/home/ake/A.Ke/A.Ke_common/tracker_learn/install/tracker_learn/share/tracker_learn/hook/cmake_prefix_path.ps1'
[33.848s] INFO:colcon.colcon_core.shell:Creating environment descriptor '/home/ake/A.Ke/A.Ke_common/tracker_learn/install/tracker_learn/share/tracker_learn/hook/cmake_prefix_path.dsv'
[33.849s] INFO:colcon.colcon_core.shell:Creating environment hook '/home/ake/A.Ke/A.Ke_common/tracker_learn/install/tracker_learn/share/tracker_learn/hook/cmake_prefix_path.sh'
[33.851s] Level 1:colcon.colcon_core.environment:checking '/home/ake/A.Ke/A.Ke_common/tracker_learn/install/tracker_learn/lib'
[33.851s] Level 1:colcon.colcon_core.environment:checking '/home/ake/A.Ke/A.Ke_common/tracker_learn/install/tracker_learn/bin'
[33.851s] Level 1:colcon.colcon_core.environment:checking '/home/ake/A.Ke/A.Ke_common/tracker_learn/install/tracker_learn/lib/pkgconfig/tracker_learn.pc'
[33.851s] Level 1:colcon.colcon_core.environment:checking '/home/ake/A.Ke/A.Ke_common/tracker_learn/install/tracker_learn/lib/python3.10/site-packages'
[33.851s] Level 1:colcon.colcon_core.environment:checking '/home/ake/A.Ke/A.Ke_common/tracker_learn/install/tracker_learn/bin'
[33.852s] INFO:colcon.colcon_core.shell:Creating package script '/home/ake/A.Ke/A.Ke_common/tracker_learn/install/tracker_learn/share/tracker_learn/package.ps1'
[33.853s] INFO:colcon.colcon_core.shell:Creating package descriptor '/home/ake/A.Ke/A.Ke_common/tracker_learn/install/tracker_learn/share/tracker_learn/package.dsv'
[33.854s] INFO:colcon.colcon_core.shell:Creating package script '/home/ake/A.Ke/A.Ke_common/tracker_learn/install/tracker_learn/share/tracker_learn/package.sh'
[33.855s] INFO:colcon.colcon_core.shell:Creating package script '/home/ake/A.Ke/A.Ke_common/tracker_learn/install/tracker_learn/share/tracker_learn/package.bash'
[33.856s] INFO:colcon.colcon_core.shell:Creating package script '/home/ake/A.Ke/A.Ke_common/tracker_learn/install/tracker_learn/share/tracker_learn/package.zsh'
[33.857s] Level 1:colcon.colcon_core.environment:create_file_with_runtime_dependencies(/home/ake/A.Ke/A.Ke_common/tracker_learn/install/tracker_learn/share/colcon-core/packages/tracker_learn)
[33.941s] Level 1:colcon.colcon_core.environment:create_environment_scripts_only(tracker_learn)
[33.941s] Level 1:colcon.colcon_core.environment:checking '/home/ake/A.Ke/A.Ke_common/tracker_learn/install/tracker_learn' for CMake module files
[33.942s] Level 1:colcon.colcon_core.environment:checking '/home/ake/A.Ke/A.Ke_common/tracker_learn/install/tracker_learn' for CMake config files
[33.942s] Level 1:colcon.colcon_core.shell:create_environment_hook('tracker_learn', 'cmake_prefix_path')
[33.942s] INFO:colcon.colcon_core.shell:Creating environment hook '/home/ake/A.Ke/A.Ke_common/tracker_learn/install/tracker_learn/share/tracker_learn/hook/cmake_prefix_path.ps1'
[33.943s] INFO:colcon.colcon_core.shell:Creating environment descriptor '/home/ake/A.Ke/A.Ke_common/tracker_learn/install/tracker_learn/share/tracker_learn/hook/cmake_prefix_path.dsv'
[33.943s] INFO:colcon.colcon_core.shell:Creating environment hook '/home/ake/A.Ke/A.Ke_common/tracker_learn/install/tracker_learn/share/tracker_learn/hook/cmake_prefix_path.sh'
[33.944s] Level 1:colcon.colcon_core.environment:checking '/home/ake/A.Ke/A.Ke_common/tracker_learn/install/tracker_learn/lib'
[33.945s] Level 1:colcon.colcon_core.environment:checking '/home/ake/A.Ke/A.Ke_common/tracker_learn/install/tracker_learn/bin'
[33.945s] Level 1:colcon.colcon_core.environment:checking '/home/ake/A.Ke/A.Ke_common/tracker_learn/install/tracker_learn/lib/pkgconfig/tracker_learn.pc'
[33.945s] Level 1:colcon.colcon_core.environment:checking '/home/ake/A.Ke/A.Ke_common/tracker_learn/install/tracker_learn/lib/python3.10/site-packages'
[33.945s] Level 1:colcon.colcon_core.environment:checking '/home/ake/A.Ke/A.Ke_common/tracker_learn/install/tracker_learn/bin'
[33.946s] INFO:colcon.colcon_core.shell:Creating package script '/home/ake/A.Ke/A.Ke_common/tracker_learn/install/tracker_learn/share/tracker_learn/package.ps1'
[33.946s] INFO:colcon.colcon_core.shell:Creating package descriptor '/home/ake/A.Ke/A.Ke_common/tracker_learn/install/tracker_learn/share/tracker_learn/package.dsv'
[33.947s] INFO:colcon.colcon_core.shell:Creating package script '/home/ake/A.Ke/A.Ke_common/tracker_learn/install/tracker_learn/share/tracker_learn/package.sh'
[33.947s] INFO:colcon.colcon_core.shell:Creating package script '/home/ake/A.Ke/A.Ke_common/tracker_learn/install/tracker_learn/share/tracker_learn/package.bash'
[33.948s] INFO:colcon.colcon_core.shell:Creating package script '/home/ake/A.Ke/A.Ke_common/tracker_learn/install/tracker_learn/share/tracker_learn/package.zsh'
[33.948s] Level 1:colcon.colcon_core.environment:create_file_with_runtime_dependencies(/home/ake/A.Ke/A.Ke_common/tracker_learn/install/tracker_learn/share/colcon-core/packages/tracker_learn)
[33.949s] DEBUG:colcon.colcon_parallel_executor.executor.parallel:closing loop
[33.949s] DEBUG:colcon.colcon_parallel_executor.executor.parallel:loop closed
[33.949s] DEBUG:colcon.colcon_parallel_executor.executor.parallel:run_until_complete finished with '0'
[33.949s] DEBUG:colcon.colcon_core.event_reactor:joining thread
[33.954s] INFO:colcon.colcon_core.plugin_system:Skipping extension 'colcon_notification.desktop_notification.terminal_notifier': Not used on non-Darwin systems
[33.954s] INFO:colcon.colcon_core.plugin_system:Skipping extension 'colcon_notification.desktop_notification.win32': Not used on non-Windows systems
[33.954s] INFO:colcon.colcon_notification.desktop_notification:Sending desktop notification using 'notify2'
[33.968s] DEBUG:colcon.colcon_core.event_reactor:joined thread
[33.968s] INFO:colcon.colcon_core.shell:Creating prefix script '/home/ake/A.Ke/A.Ke_common/tracker_learn/install/local_setup.ps1'
[33.969s] INFO:colcon.colcon_core.shell:Creating prefix util module '/home/ake/A.Ke/A.Ke_common/tracker_learn/install/_local_setup_util_ps1.py'
[33.970s] INFO:colcon.colcon_core.shell:Creating prefix chain script '/home/ake/A.Ke/A.Ke_common/tracker_learn/install/setup.ps1'
[33.971s] INFO:colcon.colcon_core.shell:Creating prefix script '/home/ake/A.Ke/A.Ke_common/tracker_learn/install/local_setup.sh'
[33.971s] INFO:colcon.colcon_core.shell:Creating prefix util module '/home/ake/A.Ke/A.Ke_common/tracker_learn/install/_local_setup_util_sh.py'
[33.972s] INFO:colcon.colcon_core.shell:Creating prefix chain script '/home/ake/A.Ke/A.Ke_common/tracker_learn/install/setup.sh'
[33.973s] INFO:colcon.colcon_core.shell:Creating prefix script '/home/ake/A.Ke/A.Ke_common/tracker_learn/install/local_setup.bash'
[33.974s] INFO:colcon.colcon_core.shell:Creating prefix chain script '/home/ake/A.Ke/A.Ke_common/tracker_learn/install/setup.bash'
[33.975s] INFO:colcon.colcon_core.shell:Creating prefix script '/home/ake/A.Ke/A.Ke_common/tracker_learn/install/local_setup.zsh'
[33.976s] INFO:colcon.colcon_core.shell:Creating prefix chain script '/home/ake/A.Ke/A.Ke_common/tracker_learn/install/setup.zsh'
