[0.201s] Invoking command in '/home/ake/A.Ke/A.Ke_common/cloudpoint_pcd/src/pcd_learn/build/pcd_learn': CMAKE_PREFIX_PATH=/opt/ros/humble CONDA_PROMPT_MODIFIER=(base) /usr/bin/cmake --build /home/ake/A.Ke/A.Ke_common/cloudpoint_pcd/src/pcd_learn/build/pcd_learn -- -j2 -l2
[1.428s] -- Found ament_cmake: 1.3.9 (/opt/ros/humble/share/ament_cmake/cmake)
[1.711s] -- Found Python3: /home/ake/miniconda3/bin/python3 (found version "3.12.4") found components: Interpreter 
[3.591s] -- Configuring incomplete, errors occurred!
[3.591s] See also "/home/ake/A.Ke/A.Ke_common/cloudpoint_pcd/src/pcd_learn/build/pcd_learn/CMakeFiles/CMakeOutput.log".
[3.591s] [31mCMake Error at CMakeLists.txt:10 (find_package):
[3.591s]   By not providing "FindPCL.cmake" in CMAKE_MODULE_PATH this project has
[3.592s]   asked CMake to find a package configuration file provided by "PCL", but
[3.594s]   CMake did not find one.
[3.594s] 
[3.594s]   Could not find a package configuration file provided by "PCL" with any of
[3.594s]   the following names:
[3.594s] 
[3.594s]     PCLConfig.cmake
[3.595s]     pcl-config.cmake
[3.596s] 
[3.596s]   Add the installation prefix of "PCL" to CMAKE_PREFIX_PATH or set "PCL_DIR"
[3.597s]   to a directory containing one of the above files.  If "PCL" provides a
[3.597s]   separate development package or SDK, be sure it has been installed.
[3.597s] 
[3.597s] [0m
[3.617s] gmake: *** [Makefile:267：cmake_check_build_system] 错误 1
[3.619s] Invoked command in '/home/ake/A.Ke/A.Ke_common/cloudpoint_pcd/src/pcd_learn/build/pcd_learn' returned '2': CMAKE_PREFIX_PATH=/opt/ros/humble CONDA_PROMPT_MODIFIER=(base) /usr/bin/cmake --build /home/ake/A.Ke/A.Ke_common/cloudpoint_pcd/src/pcd_learn/build/pcd_learn -- -j2 -l2
