[0.026s] Invoking command in '/home/ake/A.Ke/A.Ke_common/cloudpoint_pcd/src/change_pcd/build/change_pcd': CMAKE_PREFIX_PATH=${CMAKE_PREFIX_PATH}:/opt/ros/humble CONDA_PROMPT_MODIFIER=(base) /usr/bin/cmake --build /home/ake/A.Ke/A.Ke_common/cloudpoint_pcd/src/change_pcd/build/change_pcd -- -j2 -l2
[0.227s] [35m[1mConsolidate compiler generated dependencies of target change_pcd[0m
[0.425s] [ 50%] [32mBuilding CXX object CMakeFiles/change_pcd.dir/src/change_pcd.cpp.o[0m
[15.320s] [100%] [32m[1mLinking CXX executable change_pcd[0m
[16.764s] [100%] Built target change_pcd
[16.797s] Invoked command in '/home/ake/A.Ke/A.Ke_common/cloudpoint_pcd/src/change_pcd/build/change_pcd' returned '0': CMAKE_PREFIX_PATH=${CMAKE_PREFIX_PATH}:/opt/ros/humble CONDA_PROMPT_MODIFIER=(base) /usr/bin/cmake --build /home/ake/A.Ke/A.Ke_common/cloudpoint_pcd/src/change_pcd/build/change_pcd -- -j2 -l2
[16.947s] Invoking command in '/home/ake/A.Ke/A.Ke_common/cloudpoint_pcd/src/change_pcd/build/change_pcd': CMAKE_PREFIX_PATH=${CMAKE_PREFIX_PATH}:/opt/ros/humble CONDA_PROMPT_MODIFIER=(base) /usr/bin/cmake --install /home/ake/A.Ke/A.Ke_common/cloudpoint_pcd/src/change_pcd/build/change_pcd
[16.965s] -- Install configuration: ""
[16.966s] -- Installing: /home/ake/A.Ke/A.Ke_common/cloudpoint_pcd/src/change_pcd/install/change_pcd/lib/change_pcd/change_pcd
[16.970s] -- Set runtime path of "/home/ake/A.Ke/A.Ke_common/cloudpoint_pcd/src/change_pcd/install/change_pcd/lib/change_pcd/change_pcd" to ""
[16.971s] -- Up-to-date: /home/ake/A.Ke/A.Ke_common/cloudpoint_pcd/src/change_pcd/install/change_pcd/share/ament_index/resource_index/package_run_dependencies/change_pcd
[16.971s] -- Up-to-date: /home/ake/A.Ke/A.Ke_common/cloudpoint_pcd/src/change_pcd/install/change_pcd/share/ament_index/resource_index/parent_prefix_path/change_pcd
[16.971s] -- Up-to-date: /home/ake/A.Ke/A.Ke_common/cloudpoint_pcd/src/change_pcd/install/change_pcd/share/change_pcd/environment/ament_prefix_path.sh
[16.973s] -- Up-to-date: /home/ake/A.Ke/A.Ke_common/cloudpoint_pcd/src/change_pcd/install/change_pcd/share/change_pcd/environment/ament_prefix_path.dsv
[16.975s] -- Up-to-date: /home/ake/A.Ke/A.Ke_common/cloudpoint_pcd/src/change_pcd/install/change_pcd/share/change_pcd/environment/path.sh
[16.975s] -- Up-to-date: /home/ake/A.Ke/A.Ke_common/cloudpoint_pcd/src/change_pcd/install/change_pcd/share/change_pcd/environment/path.dsv
[16.975s] -- Up-to-date: /home/ake/A.Ke/A.Ke_common/cloudpoint_pcd/src/change_pcd/install/change_pcd/share/change_pcd/local_setup.bash
[16.975s] -- Up-to-date: /home/ake/A.Ke/A.Ke_common/cloudpoint_pcd/src/change_pcd/install/change_pcd/share/change_pcd/local_setup.sh
[16.976s] -- Up-to-date: /home/ake/A.Ke/A.Ke_common/cloudpoint_pcd/src/change_pcd/install/change_pcd/share/change_pcd/local_setup.zsh
[16.976s] -- Up-to-date: /home/ake/A.Ke/A.Ke_common/cloudpoint_pcd/src/change_pcd/install/change_pcd/share/change_pcd/local_setup.dsv
[16.976s] -- Installing: /home/ake/A.Ke/A.Ke_common/cloudpoint_pcd/src/change_pcd/install/change_pcd/share/change_pcd/package.dsv
[16.976s] -- Up-to-date: /home/ake/A.Ke/A.Ke_common/cloudpoint_pcd/src/change_pcd/install/change_pcd/share/ament_index/resource_index/packages/change_pcd
[16.976s] -- Up-to-date: /home/ake/A.Ke/A.Ke_common/cloudpoint_pcd/src/change_pcd/install/change_pcd/share/change_pcd/cmake/change_pcdConfig.cmake
[16.976s] -- Up-to-date: /home/ake/A.Ke/A.Ke_common/cloudpoint_pcd/src/change_pcd/install/change_pcd/share/change_pcd/cmake/change_pcdConfig-version.cmake
[16.977s] -- Up-to-date: /home/ake/A.Ke/A.Ke_common/cloudpoint_pcd/src/change_pcd/install/change_pcd/share/change_pcd/package.xml
[16.978s] Invoked command in '/home/ake/A.Ke/A.Ke_common/cloudpoint_pcd/src/change_pcd/build/change_pcd' returned '0': CMAKE_PREFIX_PATH=${CMAKE_PREFIX_PATH}:/opt/ros/humble CONDA_PROMPT_MODIFIER=(base) /usr/bin/cmake --install /home/ake/A.Ke/A.Ke_common/cloudpoint_pcd/src/change_pcd/build/change_pcd
