[35m[1mConsolidate compiler generated dependencies of target change_pcd[0m
[ 50%] [32mBuilding CXX object CMakeFiles/change_pcd.dir/src/change_pcd.cpp.o[0m
[100%] [32m[1mLinking CXX executable change_pcd[0m
[100%] Built target change_pcd
-- Install configuration: ""
-- Installing: /home/ake/A.Ke/A.Ke_common/cloudpoint_pcd/src/change_pcd/install/change_pcd/lib/change_pcd/change_pcd
-- Set runtime path of "/home/ake/A.Ke/A.Ke_common/cloudpoint_pcd/src/change_pcd/install/change_pcd/lib/change_pcd/change_pcd" to ""
-- Installing: /home/ake/A.Ke/A.Ke_common/cloudpoint_pcd/src/change_pcd/install/change_pcd/share/ament_index/resource_index/package_run_dependencies/change_pcd
-- Installing: /home/ake/A.Ke/A.Ke_common/cloudpoint_pcd/src/change_pcd/install/change_pcd/share/ament_index/resource_index/parent_prefix_path/change_pcd
-- Installing: /home/ake/A.Ke/A.Ke_common/cloudpoint_pcd/src/change_pcd/install/change_pcd/share/change_pcd/environment/ament_prefix_path.sh
-- Installing: /home/ake/A.Ke/A.Ke_common/cloudpoint_pcd/src/change_pcd/install/change_pcd/share/change_pcd/environment/ament_prefix_path.dsv
-- Installing: /home/ake/A.Ke/A.Ke_common/cloudpoint_pcd/src/change_pcd/install/change_pcd/share/change_pcd/environment/path.sh
-- Installing: /home/ake/A.Ke/A.Ke_common/cloudpoint_pcd/src/change_pcd/install/change_pcd/share/change_pcd/environment/path.dsv
-- Installing: /home/ake/A.Ke/A.Ke_common/cloudpoint_pcd/src/change_pcd/install/change_pcd/share/change_pcd/local_setup.bash
-- Installing: /home/ake/A.Ke/A.Ke_common/cloudpoint_pcd/src/change_pcd/install/change_pcd/share/change_pcd/local_setup.sh
-- Installing: /home/ake/A.Ke/A.Ke_common/cloudpoint_pcd/src/change_pcd/install/change_pcd/share/change_pcd/local_setup.zsh
-- Installing: /home/ake/A.Ke/A.Ke_common/cloudpoint_pcd/src/change_pcd/install/change_pcd/share/change_pcd/local_setup.dsv
-- Installing: /home/ake/A.Ke/A.Ke_common/cloudpoint_pcd/src/change_pcd/install/change_pcd/share/change_pcd/package.dsv
-- Installing: /home/ake/A.Ke/A.Ke_common/cloudpoint_pcd/src/change_pcd/install/change_pcd/share/ament_index/resource_index/packages/change_pcd
-- Installing: /home/ake/A.Ke/A.Ke_common/cloudpoint_pcd/src/change_pcd/install/change_pcd/share/change_pcd/cmake/change_pcdConfig.cmake
-- Installing: /home/ake/A.Ke/A.Ke_common/cloudpoint_pcd/src/change_pcd/install/change_pcd/share/change_pcd/cmake/change_pcdConfig-version.cmake
-- Installing: /home/ake/A.Ke/A.Ke_common/cloudpoint_pcd/src/change_pcd/install/change_pcd/share/change_pcd/package.xml
