[0m** WARNING ** io features related to pcap will be disabled[0m
[33mCMake Warning at CMakeLists.txt:17 (add_executable):
  Cannot generate a safe runtime search path for target change_pcd because
  files in some directories may conflict with libraries in implicit
  directories:

    runtime library [libz.so.1] in /usr/lib/x86_64-linux-gnu may be hidden by files in:
      /home/ake/miniconda3/lib

  Some of these libraries may not be found correctly.

[0m
[01m[K/home/ake/A.Ke/A.Ke_common/cloudpoint_pcd/src/change_pcd/src/change_pcd.cpp:[m[K In function ‘[01m[Kint main(int, char**)[m[K’:
[01m[K/home/ake/A.Ke/A.Ke_common/cloudpoint_pcd/src/change_pcd/src/change_pcd.cpp:11:5:[m[K [01;31m[Kerror: [m[K‘[01m[Krclcpp[m[K’ has not been declared
   11 |     [01;31m[Krclcpp[m[K::init(argc, argv);
      |     [01;31m[K^~~~~~[m[K
[01m[K/home/ake/A.Ke/A.Ke_common/cloudpoint_pcd/src/change_pcd/src/change_pcd.cpp:12:17:[m[K [01;31m[Kerror: [m[K‘[01m[Krclcpp[m[K’ has not been declared
   12 |     auto node = [01;31m[Krclcpp[m[K::Node::make_shared("pointcloud_processing");
      |                 [01;31m[K^~~~~~[m[K
[01m[K/home/ake/A.Ke/A.Ke_common/cloudpoint_pcd/src/change_pcd/src/change_pcd.cpp:35:105:[m[K [01;31m[Kerror: [m[Kexpected primary-expression before ‘[01m[K([m[K’ token
   35 |     pcl::search::Search<pcl::PointXYZ>::Ptr tree = boost::shared_ptr<pcl::search::Search<pcl::PointXYZ>>[01;31m[K([m[Knew pcl::search::KdTree<pcl::PointXYZ>);
      |                                                                                                         [01;31m[K^[m[K
[01m[K/home/ake/A.Ke/A.Ke_common/cloudpoint_pcd/src/change_pcd/src/change_pcd.cpp:35:123:[m[K [01;31m[Kerror: [m[K‘[01m[KKdTree[m[K’ in namespace ‘[01m[Kpcl::search[m[K’ does not name a template type
   35 |     pcl::search::Search<pcl::PointXYZ>::Ptr tree = boost::shared_ptr<pcl::search::Search<pcl::PointXYZ>>(new pcl::search::[01;31m[KKdTree[m[K<pcl::PointXYZ>);
      |                                                                                                                           [01;31m[K^~~~~~[m[K
[01m[K/home/ake/A.Ke/A.Ke_common/cloudpoint_pcd/src/change_pcd/src/change_pcd.cpp:35:143:[m[K [01;31m[Kerror: [m[Kexpected primary-expression before ‘[01m[K>[m[K’ token
   35 |     pcl::search::Search<pcl::PointXYZ>::Ptr tree = boost::shared_ptr<pcl::search::Search<pcl::PointXYZ>>(new pcl::search::KdTree<pcl::PointXYZ[01;31m[K>[m[K);
      |                                                                                                                                               [01;31m[K^[m[K
[01m[K/home/ake/A.Ke/A.Ke_common/cloudpoint_pcd/src/change_pcd/src/change_pcd.cpp:35:144:[m[K [01;31m[Kerror: [m[Kexpected primary-expression before ‘[01m[K)[m[K’ token
   35 |     pcl::search::Search<pcl::PointXYZ>::Ptr tree = boost::shared_ptr<pcl::search::Search<pcl::PointXYZ>>(new pcl::search::KdTree<pcl::PointXYZ>[01;31m[K)[m[K;
      |                                                                                                                                                [01;31m[K^[m[K
[01m[K/home/ake/A.Ke/A.Ke_common/cloudpoint_pcd/src/change_pcd/src/change_pcd.cpp:37:10:[m[K [01;31m[Kerror: [m[K‘[01m[KNormalEstimation[m[K’ is not a member of ‘[01m[Kpcl[m[K’
   37 |     pcl::[01;31m[KNormalEstimation[m[K<pcl::PointXYZ, pcl::Normal> normal_estimator;
      |          [01;31m[K^~~~~~~~~~~~~~~~[m[K
[01m[K/home/ake/A.Ke/A.Ke_common/cloudpoint_pcd/src/change_pcd/src/change_pcd.cpp:37:40:[m[K [01;31m[Kerror: [m[Kexpected primary-expression before ‘[01m[K,[m[K’ token
   37 |     pcl::NormalEstimation<pcl::PointXYZ[01;31m[K,[m[K pcl::Normal> normal_estimator;
      |                                        [01;31m[K^[m[K
[01m[K/home/ake/A.Ke/A.Ke_common/cloudpoint_pcd/src/change_pcd/src/change_pcd.cpp:37:53:[m[K [01;31m[Kerror: [m[Kexpected primary-expression before ‘[01m[K>[m[K’ token
   37 |     pcl::NormalEstimation<pcl::PointXYZ, pcl::Normal[01;31m[K>[m[K normal_estimator;
      |                                                     [01;31m[K^[m[K
[01m[K/home/ake/A.Ke/A.Ke_common/cloudpoint_pcd/src/change_pcd/src/change_pcd.cpp:37:55:[m[K [01;31m[Kerror: [m[K‘[01m[Knormal_estimator[m[K’ was not declared in this scope
   37 |     pcl::NormalEstimation<pcl::PointXYZ, pcl::Normal> [01;31m[Knormal_estimator[m[K;
      |                                                       [01;31m[K^~~~~~~~~~~~~~~~[m[K
gmake[2]: *** [CMakeFiles/change_pcd.dir/build.make:76：CMakeFiles/change_pcd.dir/src/change_pcd.cpp.o] 错误 1
gmake[1]: *** [CMakeFiles/Makefile2:137：CMakeFiles/change_pcd.dir/all] 错误 2
gmake: *** [Makefile:146：all] 错误 2
