-- Found ament_cmake: 1.3.9 (/opt/ros/humble/share/ament_cmake/cmake)
-- Found Python3: /home/ake/miniconda3/bin/python3 (found version "3.12.4") found components: Interpreter 
-- Eigen found (include: /usr/include/eigen3, version: 3.4.0)
-- OpenNI found (version: 1.5.4.0, include: /usr/include/ni, lib: /usr/lib/libOpenNI.so;libusb::libusb)
-- OpenNI2 found (version: 2.2.0.33, include: /usr/include/openni2, lib: /usr/lib/x86_64-linux-gnu/libOpenNI2.so;libusb::libusb)
[0m** WARNING ** io features related to pcap will be disabled[0m
[0m** WARNING ** io features related to png will be disabled[0m
-- Eigen found (include: /usr/include/eigen3, version: 3.4.0)
-- FLANN found (include: /usr/include, lib: /usr/lib/x86_64-linux-gnu/libflann_cpp.so)
-- OpenNI found (version: 1.5.4.0, include: /usr/include/ni, lib: /usr/lib/libOpenNI.so;libusb::libusb)
-- OpenNI2 found (version: 2.2.0.33, include: /usr/include/openni2, lib: /usr/lib/x86_64-linux-gnu/libOpenNI2.so;libusb::libusb)
-- looking for PCL_COMMON
-- looking for PCL_OCTREE
-- looking for PCL_IO
-- looking for PCL_KDTREE
-- looking for PCL_GEOMETRY
-- looking for PCL_SEARCH
-- looking for PCL_VISUALIZATION
-- Found Python3: /home/ake/miniconda3/bin/python3 (found suitable version "3.12.4", minimum required is "3.10") found components: Interpreter Development.Module Development.Embed 
-- Found Boost: /usr/lib/x86_64-linux-gnu/cmake/Boost-1.74.0/BoostConfig.cmake (found version "1.74.0") found components: thread 
-- Found ament_lint_auto: 0.12.11 (/opt/ros/humble/share/ament_lint_auto/cmake)
-- Added test 'cppcheck' to perform static code analysis on C / C++ code
-- Configured cppcheck include dirs: 
-- Configured cppcheck exclude dirs and/or files: 
-- Added test 'flake8' to check Python code syntax and style conventions
-- Added test 'lint_cmake' to check CMake code style
-- Added test 'pep257' to check Python code against some of the docstring style conventions in PEP 257
-- Added test 'uncrustify' to check C / C++ code style
-- Configured uncrustify additional arguments: 
-- Added test 'xmllint' to check XML markup files
-- Configuring done
[33mCMake Warning at CMakeLists.txt:20 (add_executable):
  Cannot generate a safe runtime search path for target pcd_learn because
  files in some directories may conflict with libraries in implicit
  directories:

    runtime library [libxml2.so.2] in /usr/lib/x86_64-linux-gnu may be hidden by files in:
      /home/ake/miniconda3/lib
    runtime library [libz.so.1] in /usr/lib/x86_64-linux-gnu may be hidden by files in:
      /home/ake/miniconda3/lib
    runtime library [libsqlite3.so.0] in /usr/lib/x86_64-linux-gnu may be hidden by files in:
      /home/ake/miniconda3/lib
    runtime library [libexpat.so.1] in /usr/lib/x86_64-linux-gnu may be hidden by files in:
      /home/ake/miniconda3/lib
    runtime library [liblz4.so.1] in /usr/lib/x86_64-linux-gnu may be hidden by files in:
      /home/ake/miniconda3/lib
    runtime library [liblzma.so.5] in /usr/lib/x86_64-linux-gnu may be hidden by files in:
      /home/ake/miniconda3/lib

  Some of these libraries may not be found correctly.

[0m
-- Generating done
-- Build files have been written to: /home/ake/A.Ke/A.Ke_common/cloudpoint_pcd/src/pcd_learn/build/pcd_learn
[35m[1mConsolidate compiler generated dependencies of target pcd_learn[0m
[ 50%] [32mBuilding CXX object CMakeFiles/pcd_learn.dir/src/pcd_learn.cpp.o[0m
[01m[K/home/ake/A.Ke/A.Ke_common/cloudpoint_pcd/src/pcd_learn/src/pcd_learn.cpp:[m[K In function ‘[01m[Kint main()[m[K’:
[01m[K/home/ake/A.Ke/A.Ke_common/cloudpoint_pcd/src/pcd_learn/src/pcd_learn.cpp:30:24:[m[K [01;31m[Kerror: [m[K‘[01m[Kboost::this_thread[m[K’ has not been declared
   30 |                 boost::[01;31m[Kthis_thread[m[K::sleep(boost::posix_time::microseconds(100000));
      |                        [01;31m[K^~~~~~~~~~~[m[K
gmake[2]: *** [CMakeFiles/pcd_learn.dir/build.make:76：CMakeFiles/pcd_learn.dir/src/pcd_learn.cpp.o] 错误 1
gmake[1]: *** [CMakeFiles/Makefile2:137：CMakeFiles/pcd_learn.dir/all] 错误 2
gmake: *** [Makefile:146：all] 错误 2
