[0m** WARNING ** io features related to pcap will be disabled[0m
[0m** WARNING ** io features related to png will be disabled[0m
[33mCMake Warning at CMakeLists.txt:18 (add_executable):
  Cannot generate a safe runtime search path for target pcd_learn because
  files in some directories may conflict with libraries in implicit
  directories:

    runtime library [libxml2.so.2] in /usr/lib/x86_64-linux-gnu may be hidden by files in:
      /home/ake/miniconda3/lib
    runtime library [libz.so.1] in /usr/lib/x86_64-linux-gnu may be hidden by files in:
      /home/ake/miniconda3/lib
    runtime library [libsqlite3.so.0] in /usr/lib/x86_64-linux-gnu may be hidden by files in:
      /home/ake/miniconda3/lib
    runtime library [libexpat.so.1] in /usr/lib/x86_64-linux-gnu may be hidden by files in:
      /home/ake/miniconda3/lib
    runtime library [liblz4.so.1] in /usr/lib/x86_64-linux-gnu may be hidden by files in:
      /home/ake/miniconda3/lib
    runtime library [liblzma.so.5] in /usr/lib/x86_64-linux-gnu may be hidden by files in:
      /home/ake/miniconda3/lib

  Some of these libraries may not be found correctly.

[0m
[01m[K/home/ake/A.Ke/A.Ke_common/cloudpoint_pcd/src/pcd_learn/src/pcd_learn.cpp:[m[K In function ‘[01m[Kint main()[m[K’:
[01m[K/home/ake/A.Ke/A.Ke_common/cloudpoint_pcd/src/pcd_learn/src/pcd_learn.cpp:30:24:[m[K [01;31m[Kerror: [m[K‘[01m[Kboost::this_thread[m[K’ has not been declared
   30 |                 boost::[01;31m[Kthis_thread[m[K::sleep(boost::posix_time::microseconds(100000));
      |                        [01;31m[K^~~~~~~~~~~[m[K
gmake[2]: *** [CMakeFiles/pcd_learn.dir/build.make:76：CMakeFiles/pcd_learn.dir/src/pcd_learn.cpp.o] 错误 1
gmake[1]: *** [CMakeFiles/Makefile2:137：CMakeFiles/pcd_learn.dir/all] 错误 2
gmake: *** [Makefile:146：all] 错误 2
