[2.077s] DEBUG:colcon:Command line arguments: ['/usr/bin/colcon', 'build']
[2.077s] DEBUG:colcon:Parsed command line arguments: Namespace(log_base=None, log_level=None, verb_name='build', build_base='build', install_base='install', merge_install=False, symlink_install=False, test_result_base=None, continue_on_error=False, executor='parallel', parallel_workers=2, event_handlers=None, ignore_user_meta=False, metas=['./colcon.meta'], base_paths=['.'], packages_ignore=None, packages_ignore_regex=None, paths=None, packages_up_to=None, packages_up_to_regex=None, packages_above=None, packages_above_and_dependencies=None, packages_above_depth=None, packages_select_by_dep=None, packages_skip_by_dep=None, packages_skip_up_to=None, packages_select_build_failed=False, packages_skip_build_finished=False, packages_select_test_failures=False, packages_skip_test_passed=False, packages_select=None, packages_skip=None, packages_select_regex=None, packages_skip_regex=None, packages_start=None, packages_end=None, allow_overriding=[], cmake_args=None, cmake_target=None, cmake_target_skip_unavailable=False, cmake_clean_cache=False, cmake_clean_first=False, cmake_force_configure=False, ament_cmake_args=None, catkin_cmake_args=None, catkin_skip_building_tests=False, verb_parser=<colcon_defaults.argument_parser.defaults.DefaultArgumentsDecorator object at 0x754d39b14850>, verb_extension=<colcon_core.verb.build.BuildVerb object at 0x754d39b142b0>, main=<bound method BuildVerb.main of <colcon_core.verb.build.BuildVerb object at 0x754d39b142b0>>)
[6.515s] Level 1:colcon.colcon_core.package_discovery:discover_packages(colcon_meta) check parameters
[6.516s] Level 1:colcon.colcon_core.package_discovery:discover_packages(recursive) check parameters
[6.516s] Level 1:colcon.colcon_core.package_discovery:discover_packages(ignore) check parameters
[6.516s] Level 1:colcon.colcon_core.package_discovery:discover_packages(path) check parameters
[6.516s] Level 1:colcon.colcon_core.package_discovery:discover_packages(colcon_meta) discover
[6.516s] Level 1:colcon.colcon_core.package_discovery:discover_packages(recursive) discover
[6.516s] INFO:colcon.colcon_core.package_discovery:Crawling recursively for packages in '/home/ake/A.Ke/A.Ke_common/cloudpoint_pcd/src/change_pcd'
[6.516s] Level 1:colcon.colcon_core.package_identification:_identify(.) by extensions ['ignore', 'ignore_ament_install']
[6.516s] Level 1:colcon.colcon_core.package_identification:_identify(.) by extension 'ignore'
[6.516s] Level 1:colcon.colcon_core.package_identification:_identify(.) by extension 'ignore_ament_install'
[6.516s] Level 1:colcon.colcon_core.package_identification:_identify(.) by extensions ['colcon_pkg']
[6.516s] Level 1:colcon.colcon_core.package_identification:_identify(.) by extension 'colcon_pkg'
[6.517s] Level 1:colcon.colcon_core.package_identification:_identify(.) by extensions ['colcon_meta']
[6.517s] Level 1:colcon.colcon_core.package_identification:_identify(.) by extension 'colcon_meta'
[6.517s] Level 1:colcon.colcon_core.package_identification:_identify(.) by extensions ['ros']
[6.517s] Level 1:colcon.colcon_core.package_identification:_identify(.) by extension 'ros'
[6.611s] DEBUG:colcon.colcon_core.package_identification:Package '.' with type 'ros.ament_cmake' and name 'change_pcd'
[6.612s] Level 1:colcon.colcon_core.package_discovery:discover_packages(recursive) using defaults
[6.612s] Level 1:colcon.colcon_core.package_discovery:discover_packages(ignore) discover
[6.612s] Level 1:colcon.colcon_core.package_discovery:discover_packages(ignore) using defaults
[6.612s] Level 1:colcon.colcon_core.package_discovery:discover_packages(path) discover
[6.612s] Level 1:colcon.colcon_core.package_discovery:discover_packages(path) using defaults
[6.871s] Level 1:colcon.colcon_core.package_discovery:discover_packages(prefix_path) check parameters
[6.871s] Level 1:colcon.colcon_core.package_discovery:discover_packages(prefix_path) discover
[6.904s] DEBUG:colcon.colcon_installed_package_information.package_discovery:Found 313 installed packages in /opt/ros/humble
[6.905s] Level 1:colcon.colcon_core.package_discovery:discover_packages(prefix_path) using defaults
[7.022s] Level 5:colcon.colcon_core.verb:set package 'change_pcd' build argument 'cmake_args' from command line to 'None'
[7.022s] Level 5:colcon.colcon_core.verb:set package 'change_pcd' build argument 'cmake_target' from command line to 'None'
[7.022s] Level 5:colcon.colcon_core.verb:set package 'change_pcd' build argument 'cmake_target_skip_unavailable' from command line to 'False'
[7.022s] Level 5:colcon.colcon_core.verb:set package 'change_pcd' build argument 'cmake_clean_cache' from command line to 'False'
[7.022s] Level 5:colcon.colcon_core.verb:set package 'change_pcd' build argument 'cmake_clean_first' from command line to 'False'
[7.022s] Level 5:colcon.colcon_core.verb:set package 'change_pcd' build argument 'cmake_force_configure' from command line to 'False'
[7.022s] Level 5:colcon.colcon_core.verb:set package 'change_pcd' build argument 'ament_cmake_args' from command line to 'None'
[7.022s] Level 5:colcon.colcon_core.verb:set package 'change_pcd' build argument 'catkin_cmake_args' from command line to 'None'
[7.023s] Level 5:colcon.colcon_core.verb:set package 'change_pcd' build argument 'catkin_skip_building_tests' from command line to 'False'
[7.023s] DEBUG:colcon.colcon_core.verb:Building package 'change_pcd' with the following arguments: {'ament_cmake_args': None, 'build_base': '/home/ake/A.Ke/A.Ke_common/cloudpoint_pcd/src/change_pcd/build/change_pcd', 'catkin_cmake_args': None, 'catkin_skip_building_tests': False, 'cmake_args': None, 'cmake_clean_cache': False, 'cmake_clean_first': False, 'cmake_force_configure': False, 'cmake_target': None, 'cmake_target_skip_unavailable': False, 'install_base': '/home/ake/A.Ke/A.Ke_common/cloudpoint_pcd/src/change_pcd/install/change_pcd', 'merge_install': False, 'path': '/home/ake/A.Ke/A.Ke_common/cloudpoint_pcd/src/change_pcd', 'symlink_install': False, 'test_result_base': None}
[7.023s] INFO:colcon.colcon_core.executor:Executing jobs using 'parallel' executor
[7.024s] DEBUG:colcon.colcon_parallel_executor.executor.parallel:run_until_complete
[7.024s] INFO:colcon.colcon_ros.task.ament_cmake.build:Building ROS package in '/home/ake/A.Ke/A.Ke_common/cloudpoint_pcd/src/change_pcd' with build type 'ament_cmake'
[7.024s] INFO:colcon.colcon_cmake.task.cmake.build:Building CMake package in '/home/ake/A.Ke/A.Ke_common/cloudpoint_pcd/src/change_pcd'
[7.034s] INFO:colcon.colcon_core.plugin_system:Skipping extension 'colcon_core.shell.bat': Not used on non-Windows systems
[7.034s] INFO:colcon.colcon_core.shell:Skip shell extension 'powershell' for command environment: Not usable outside of PowerShell
[7.034s] DEBUG:colcon.colcon_core.shell:Skip shell extension 'dsv' for command environment
[7.068s] DEBUG:colcon.colcon_core.event_handler.log_command:Invoking command in '/home/ake/A.Ke/A.Ke_common/cloudpoint_pcd/src/change_pcd/build/change_pcd': CMAKE_PREFIX_PATH=/opt/ros/humble CONDA_PROMPT_MODIFIER=(base) /usr/bin/cmake /home/ake/A.Ke/A.Ke_common/cloudpoint_pcd/src/change_pcd -DCMAKE_INSTALL_PREFIX=/home/ake/A.Ke/A.Ke_common/cloudpoint_pcd/src/change_pcd/install/change_pcd
[23.894s] DEBUG:colcon.colcon_core.event_handler.log_command:Invoked command in '/home/ake/A.Ke/A.Ke_common/cloudpoint_pcd/src/change_pcd/build/change_pcd' returned '0': CMAKE_PREFIX_PATH=/opt/ros/humble CONDA_PROMPT_MODIFIER=(base) /usr/bin/cmake /home/ake/A.Ke/A.Ke_common/cloudpoint_pcd/src/change_pcd -DCMAKE_INSTALL_PREFIX=/home/ake/A.Ke/A.Ke_common/cloudpoint_pcd/src/change_pcd/install/change_pcd
[23.896s] DEBUG:colcon.colcon_core.event_handler.log_command:Invoking command in '/home/ake/A.Ke/A.Ke_common/cloudpoint_pcd/src/change_pcd/build/change_pcd': CMAKE_PREFIX_PATH=/opt/ros/humble CONDA_PROMPT_MODIFIER=(base) /usr/bin/cmake --build /home/ake/A.Ke/A.Ke_common/cloudpoint_pcd/src/change_pcd/build/change_pcd -- -j2 -l2
[34.724s] DEBUG:colcon.colcon_core.event_handler.log_command:Invoked command in '/home/ake/A.Ke/A.Ke_common/cloudpoint_pcd/src/change_pcd/build/change_pcd' returned '2': CMAKE_PREFIX_PATH=/opt/ros/humble CONDA_PROMPT_MODIFIER=(base) /usr/bin/cmake --build /home/ake/A.Ke/A.Ke_common/cloudpoint_pcd/src/change_pcd/build/change_pcd -- -j2 -l2
[34.916s] Level 1:colcon.colcon_core.environment:create_environment_scripts_only(change_pcd)
[34.980s] Level 1:colcon.colcon_core.environment:checking '/home/ake/A.Ke/A.Ke_common/cloudpoint_pcd/src/change_pcd/install/change_pcd' for CMake module files
[34.980s] Level 1:colcon.colcon_core.environment:checking '/home/ake/A.Ke/A.Ke_common/cloudpoint_pcd/src/change_pcd/install/change_pcd' for CMake config files
[34.981s] Level 1:colcon.colcon_core.environment:checking '/home/ake/A.Ke/A.Ke_common/cloudpoint_pcd/src/change_pcd/install/change_pcd/bin'
[34.981s] Level 1:colcon.colcon_core.environment:checking '/home/ake/A.Ke/A.Ke_common/cloudpoint_pcd/src/change_pcd/install/change_pcd/lib/pkgconfig/change_pcd.pc'
[34.981s] Level 1:colcon.colcon_core.environment:checking '/home/ake/A.Ke/A.Ke_common/cloudpoint_pcd/src/change_pcd/install/change_pcd/lib/python3.10/site-packages'
[34.981s] Level 1:colcon.colcon_core.environment:checking '/home/ake/A.Ke/A.Ke_common/cloudpoint_pcd/src/change_pcd/install/change_pcd/bin'
[34.981s] INFO:colcon.colcon_core.shell:Creating package script '/home/ake/A.Ke/A.Ke_common/cloudpoint_pcd/src/change_pcd/install/change_pcd/share/change_pcd/package.ps1'
[34.988s] INFO:colcon.colcon_core.shell:Creating package descriptor '/home/ake/A.Ke/A.Ke_common/cloudpoint_pcd/src/change_pcd/install/change_pcd/share/change_pcd/package.dsv'
[35.001s] INFO:colcon.colcon_core.shell:Creating package script '/home/ake/A.Ke/A.Ke_common/cloudpoint_pcd/src/change_pcd/install/change_pcd/share/change_pcd/package.sh'
[35.002s] INFO:colcon.colcon_core.shell:Creating package script '/home/ake/A.Ke/A.Ke_common/cloudpoint_pcd/src/change_pcd/install/change_pcd/share/change_pcd/package.bash'
[35.019s] INFO:colcon.colcon_core.shell:Creating package script '/home/ake/A.Ke/A.Ke_common/cloudpoint_pcd/src/change_pcd/install/change_pcd/share/change_pcd/package.zsh'
[35.038s] Level 1:colcon.colcon_core.environment:create_file_with_runtime_dependencies(/home/ake/A.Ke/A.Ke_common/cloudpoint_pcd/src/change_pcd/install/change_pcd/share/colcon-core/packages/change_pcd)
[35.049s] DEBUG:colcon.colcon_parallel_executor.executor.parallel:closing loop
[35.049s] DEBUG:colcon.colcon_parallel_executor.executor.parallel:loop closed
[35.049s] DEBUG:colcon.colcon_parallel_executor.executor.parallel:run_until_complete finished with '2'
[35.049s] DEBUG:colcon.colcon_core.event_reactor:joining thread
[35.157s] INFO:colcon.colcon_core.plugin_system:Skipping extension 'colcon_notification.desktop_notification.terminal_notifier': Not used on non-Darwin systems
[35.158s] INFO:colcon.colcon_core.plugin_system:Skipping extension 'colcon_notification.desktop_notification.win32': Not used on non-Windows systems
[35.158s] INFO:colcon.colcon_notification.desktop_notification:Sending desktop notification using 'notify2'
[35.480s] DEBUG:colcon.colcon_core.event_reactor:joined thread
[35.481s] INFO:colcon.colcon_core.shell:Creating prefix script '/home/ake/A.Ke/A.Ke_common/cloudpoint_pcd/src/change_pcd/install/local_setup.ps1'
[35.487s] INFO:colcon.colcon_core.shell:Creating prefix util module '/home/ake/A.Ke/A.Ke_common/cloudpoint_pcd/src/change_pcd/install/_local_setup_util_ps1.py'
[35.500s] INFO:colcon.colcon_core.shell:Creating prefix chain script '/home/ake/A.Ke/A.Ke_common/cloudpoint_pcd/src/change_pcd/install/setup.ps1'
[35.501s] INFO:colcon.colcon_core.shell:Creating prefix script '/home/ake/A.Ke/A.Ke_common/cloudpoint_pcd/src/change_pcd/install/local_setup.sh'
[35.501s] INFO:colcon.colcon_core.shell:Creating prefix util module '/home/ake/A.Ke/A.Ke_common/cloudpoint_pcd/src/change_pcd/install/_local_setup_util_sh.py'
[35.502s] INFO:colcon.colcon_core.shell:Creating prefix chain script '/home/ake/A.Ke/A.Ke_common/cloudpoint_pcd/src/change_pcd/install/setup.sh'
[35.503s] INFO:colcon.colcon_core.shell:Creating prefix script '/home/ake/A.Ke/A.Ke_common/cloudpoint_pcd/src/change_pcd/install/local_setup.bash'
[35.528s] INFO:colcon.colcon_core.shell:Creating prefix chain script '/home/ake/A.Ke/A.Ke_common/cloudpoint_pcd/src/change_pcd/install/setup.bash'
[35.529s] INFO:colcon.colcon_core.shell:Creating prefix script '/home/ake/A.Ke/A.Ke_common/cloudpoint_pcd/src/change_pcd/install/local_setup.zsh'
[35.542s] INFO:colcon.colcon_core.shell:Creating prefix chain script '/home/ake/A.Ke/A.Ke_common/cloudpoint_pcd/src/change_pcd/install/setup.zsh'
