[35m[1mConsolidate compiler generated dependencies of target change_pcd[0m
[ 50%] [32mBuilding CXX object CMakeFiles/change_pcd.dir/src/change_pcd.cpp.o[0m
[01m[K/home/ake/A.Ke/A.Ke_common/cloudpoint_pcd/src/change_pcd/src/change_pcd.cpp:[m[K In function ‘[01m[Kint main(int, char**)[m[K’:
[01m[K/home/ake/A.Ke/A.Ke_common/cloudpoint_pcd/src/change_pcd/src/change_pcd.cpp:36:105:[m[K [01;31m[Kerror: [m[Kexpected primary-expression before ‘[01m[K([m[K’ token
   36 |     pcl::search::Search<pcl::PointXYZ>::Ptr tree = boost::shared_ptr<pcl::search::Search<pcl::PointXYZ>>[01;31m[K([m[Knew pcl::search::KdTree<pcl::PointXYZ>);
      |                                                                                                         [01;31m[K^[m[K
[01m[K/home/ake/A.Ke/A.Ke_common/cloudpoint_pcd/src/change_pcd/src/change_pcd.cpp:36:123:[m[K [01;31m[Kerror: [m[K‘[01m[KKdTree[m[K’ in namespace ‘[01m[Kpcl::search[m[K’ does not name a template type
   36 |     pcl::search::Search<pcl::PointXYZ>::Ptr tree = boost::shared_ptr<pcl::search::Search<pcl::PointXYZ>>(new pcl::search::[01;31m[KKdTree[m[K<pcl::PointXYZ>);
      |                                                                                                                           [01;31m[K^~~~~~[m[K
[01m[K/home/ake/A.Ke/A.Ke_common/cloudpoint_pcd/src/change_pcd/src/change_pcd.cpp:36:143:[m[K [01;31m[Kerror: [m[Kexpected primary-expression before ‘[01m[K>[m[K’ token
   36 |     pcl::search::Search<pcl::PointXYZ>::Ptr tree = boost::shared_ptr<pcl::search::Search<pcl::PointXYZ>>(new pcl::search::KdTree<pcl::PointXYZ[01;31m[K>[m[K);
      |                                                                                                                                               [01;31m[K^[m[K
[01m[K/home/ake/A.Ke/A.Ke_common/cloudpoint_pcd/src/change_pcd/src/change_pcd.cpp:36:144:[m[K [01;31m[Kerror: [m[Kexpected primary-expression before ‘[01m[K)[m[K’ token
   36 |     pcl::search::Search<pcl::PointXYZ>::Ptr tree = boost::shared_ptr<pcl::search::Search<pcl::PointXYZ>>(new pcl::search::KdTree<pcl::PointXYZ>[01;31m[K)[m[K;
      |                                                                                                                                                [01;31m[K^[m[K
[01m[K/home/ake/A.Ke/A.Ke_common/cloudpoint_pcd/src/change_pcd/src/change_pcd.cpp:38:10:[m[K [01;31m[Kerror: [m[K‘[01m[KNormalEstimation[m[K’ is not a member of ‘[01m[Kpcl[m[K’
   38 |     pcl::[01;31m[KNormalEstimation[m[K<pcl::PointXYZ, pcl::Normal> normal_estimator;
      |          [01;31m[K^~~~~~~~~~~~~~~~[m[K
[01m[K/home/ake/A.Ke/A.Ke_common/cloudpoint_pcd/src/change_pcd/src/change_pcd.cpp:38:40:[m[K [01;31m[Kerror: [m[Kexpected primary-expression before ‘[01m[K,[m[K’ token
   38 |     pcl::NormalEstimation<pcl::PointXYZ[01;31m[K,[m[K pcl::Normal> normal_estimator;
      |                                        [01;31m[K^[m[K
[01m[K/home/ake/A.Ke/A.Ke_common/cloudpoint_pcd/src/change_pcd/src/change_pcd.cpp:38:53:[m[K [01;31m[Kerror: [m[Kexpected primary-expression before ‘[01m[K>[m[K’ token
   38 |     pcl::NormalEstimation<pcl::PointXYZ, pcl::Normal[01;31m[K>[m[K normal_estimator;
      |                                                     [01;31m[K^[m[K
[01m[K/home/ake/A.Ke/A.Ke_common/cloudpoint_pcd/src/change_pcd/src/change_pcd.cpp:38:55:[m[K [01;31m[Kerror: [m[K‘[01m[Knormal_estimator[m[K’ was not declared in this scope
   38 |     pcl::NormalEstimation<pcl::PointXYZ, pcl::Normal> [01;31m[Knormal_estimator[m[K;
      |                                                       [01;31m[K^~~~~~~~~~~~~~~~[m[K
gmake[2]: *** [CMakeFiles/change_pcd.dir/build.make:76：CMakeFiles/change_pcd.dir/src/change_pcd.cpp.o] 错误 1
gmake[1]: *** [CMakeFiles/Makefile2:137：CMakeFiles/change_pcd.dir/all] 错误 2
gmake: *** [Makefile:146：all] 错误 2
