[0.042s] Invoking command in '/home/ake/A.Ke/A.Ke_common/cloudpoint_pcd/src/change_pcd/build/change_pcd': CMAKE_PREFIX_PATH=/opt/ros/humble CONDA_PROMPT_MODIFIER=(base) /usr/bin/cmake --build /home/ake/A.Ke/A.Ke_common/cloudpoint_pcd/src/change_pcd/build/change_pcd -- -j2 -l2
[0.230s] [35m[1mConsolidate compiler generated dependencies of target change_pcd[0m
[0.366s] [ 50%] [32mBuilding CXX object CMakeFiles/change_pcd.dir/src/change_pcd.cpp.o[0m
[24.741s] [01m[K/home/ake/A.Ke/A.Ke_common/cloudpoint_pcd/src/change_pcd/src/change_pcd.cpp:[m[K In function ‘[01m[Kint main(int, char**)[m[K’:
[24.742s] [01m[K/home/ake/A.Ke/A.Ke_common/cloudpoint_pcd/src/change_pcd/src/change_pcd.cpp:36:105:[m[K [01;31m[Kerror: [m[Kexpected primary-expression before ‘[01m[K([m[K’ token
[24.742s]    36 |     pcl::search::Search<pcl::PointXYZ>::Ptr tree = boost::shared_ptr<pcl::search::Search<pcl::PointXYZ>>[01;31m[K([m[Knew pcl::search::KdTree<pcl::PointXYZ>);
[24.742s]       |                                                                                                         [01;31m[K^[m[K
[24.742s] [01m[K/home/ake/A.Ke/A.Ke_common/cloudpoint_pcd/src/change_pcd/src/change_pcd.cpp:36:123:[m[K [01;31m[Kerror: [m[K‘[01m[KKdTree[m[K’ in namespace ‘[01m[Kpcl::search[m[K’ does not name a template type
[24.742s]    36 |     pcl::search::Search<pcl::PointXYZ>::Ptr tree = boost::shared_ptr<pcl::search::Search<pcl::PointXYZ>>(new pcl::search::[01;31m[KKdTree[m[K<pcl::PointXYZ>);
[24.742s]       |                                                                                                                           [01;31m[K^~~~~~[m[K
[24.742s] [01m[K/home/ake/A.Ke/A.Ke_common/cloudpoint_pcd/src/change_pcd/src/change_pcd.cpp:36:143:[m[K [01;31m[Kerror: [m[Kexpected primary-expression before ‘[01m[K>[m[K’ token
[24.742s]    36 |     pcl::search::Search<pcl::PointXYZ>::Ptr tree = boost::shared_ptr<pcl::search::Search<pcl::PointXYZ>>(new pcl::search::KdTree<pcl::PointXYZ[01;31m[K>[m[K);
[24.742s]       |                                                                                                                                               [01;31m[K^[m[K
[24.742s] [01m[K/home/ake/A.Ke/A.Ke_common/cloudpoint_pcd/src/change_pcd/src/change_pcd.cpp:36:144:[m[K [01;31m[Kerror: [m[Kexpected primary-expression before ‘[01m[K)[m[K’ token
[24.742s]    36 |     pcl::search::Search<pcl::PointXYZ>::Ptr tree = boost::shared_ptr<pcl::search::Search<pcl::PointXYZ>>(new pcl::search::KdTree<pcl::PointXYZ>[01;31m[K)[m[K;
[24.742s]       |                                                                                                                                                [01;31m[K^[m[K
[24.755s] [01m[K/home/ake/A.Ke/A.Ke_common/cloudpoint_pcd/src/change_pcd/src/change_pcd.cpp:38:10:[m[K [01;31m[Kerror: [m[K‘[01m[KNormalEstimation[m[K’ is not a member of ‘[01m[Kpcl[m[K’
[24.756s]    38 |     pcl::[01;31m[KNormalEstimation[m[K<pcl::PointXYZ, pcl::Normal> normal_estimator;
[24.756s]       |          [01;31m[K^~~~~~~~~~~~~~~~[m[K
[24.756s] [01m[K/home/ake/A.Ke/A.Ke_common/cloudpoint_pcd/src/change_pcd/src/change_pcd.cpp:38:40:[m[K [01;31m[Kerror: [m[Kexpected primary-expression before ‘[01m[K,[m[K’ token
[24.757s]    38 |     pcl::NormalEstimation<pcl::PointXYZ[01;31m[K,[m[K pcl::Normal> normal_estimator;
[24.757s]       |                                        [01;31m[K^[m[K
[24.758s] [01m[K/home/ake/A.Ke/A.Ke_common/cloudpoint_pcd/src/change_pcd/src/change_pcd.cpp:38:53:[m[K [01;31m[Kerror: [m[Kexpected primary-expression before ‘[01m[K>[m[K’ token
[24.758s]    38 |     pcl::NormalEstimation<pcl::PointXYZ, pcl::Normal[01;31m[K>[m[K normal_estimator;
[24.759s]       |                                                     [01;31m[K^[m[K
[24.778s] [01m[K/home/ake/A.Ke/A.Ke_common/cloudpoint_pcd/src/change_pcd/src/change_pcd.cpp:38:55:[m[K [01;31m[Kerror: [m[K‘[01m[Knormal_estimator[m[K’ was not declared in this scope
[24.778s]    38 |     pcl::NormalEstimation<pcl::PointXYZ, pcl::Normal> [01;31m[Knormal_estimator[m[K;
[24.778s]       |                                                       [01;31m[K^~~~~~~~~~~~~~~~[m[K
[27.605s] gmake[2]: *** [CMakeFiles/change_pcd.dir/build.make:76：CMakeFiles/change_pcd.dir/src/change_pcd.cpp.o] 错误 1
[27.606s] gmake[1]: *** [CMakeFiles/Makefile2:137：CMakeFiles/change_pcd.dir/all] 错误 2
[27.606s] gmake: *** [Makefile:146：all] 错误 2
[27.863s] Invoked command in '/home/ake/A.Ke/A.Ke_common/cloudpoint_pcd/src/change_pcd/build/change_pcd' returned '2': CMAKE_PREFIX_PATH=/opt/ros/humble CONDA_PROMPT_MODIFIER=(base) /usr/bin/cmake --build /home/ake/A.Ke/A.Ke_common/cloudpoint_pcd/src/change_pcd/build/change_pcd -- -j2 -l2
