[0.027s] Invoking command in '/home/ake/A.Ke/A.Ke_common/cloudpoint_pcd/src/change_pcd/build/change_pcd': CMAKE_PREFIX_PATH=${CMAKE_PREFIX_PATH}:/opt/ros/humble CONDA_PROMPT_MODIFIER=(base) /usr/bin/cmake --build /home/ake/A.Ke/A.Ke_common/cloudpoint_pcd/src/change_pcd/build/change_pcd -- -j2 -l2
[0.149s] [35m[1mConsolidate compiler generated dependencies of target change_pcd[0m
[0.217s] [ 50%] [32mBuilding CXX object CMakeFiles/change_pcd.dir/src/change_pcd.cpp.o[0m
[15.825s] [100%] [32m[1mLinking CXX executable change_pcd[0m
[18.023s] [100%] Built target change_pcd
[18.043s] Invoked command in '/home/ake/A.Ke/A.Ke_common/cloudpoint_pcd/src/change_pcd/build/change_pcd' returned '0': CMAKE_PREFIX_PATH=${CMAKE_PREFIX_PATH}:/opt/ros/humble CONDA_PROMPT_MODIFIER=(base) /usr/bin/cmake --build /home/ake/A.Ke/A.Ke_common/cloudpoint_pcd/src/change_pcd/build/change_pcd -- -j2 -l2
[18.190s] Invoking command in '/home/ake/A.Ke/A.Ke_common/cloudpoint_pcd/src/change_pcd/build/change_pcd': CMAKE_PREFIX_PATH=${CMAKE_PREFIX_PATH}:/opt/ros/humble CONDA_PROMPT_MODIFIER=(base) /usr/bin/cmake --install /home/ake/A.Ke/A.Ke_common/cloudpoint_pcd/src/change_pcd/build/change_pcd
[18.205s] -- Install configuration: ""
[18.219s] -- Installing: /home/ake/A.Ke/A.Ke_common/cloudpoint_pcd/src/change_pcd/install/change_pcd/lib/change_pcd/change_pcd
[18.220s] -- Set runtime path of "/home/ake/A.Ke/A.Ke_common/cloudpoint_pcd/src/change_pcd/install/change_pcd/lib/change_pcd/change_pcd" to ""
[18.222s] -- Up-to-date: /home/ake/A.Ke/A.Ke_common/cloudpoint_pcd/src/change_pcd/install/change_pcd/share/ament_index/resource_index/package_run_dependencies/change_pcd
[18.223s] -- Up-to-date: /home/ake/A.Ke/A.Ke_common/cloudpoint_pcd/src/change_pcd/install/change_pcd/share/ament_index/resource_index/parent_prefix_path/change_pcd
[18.223s] -- Up-to-date: /home/ake/A.Ke/A.Ke_common/cloudpoint_pcd/src/change_pcd/install/change_pcd/share/change_pcd/environment/ament_prefix_path.sh
[18.224s] -- Up-to-date: /home/ake/A.Ke/A.Ke_common/cloudpoint_pcd/src/change_pcd/install/change_pcd/share/change_pcd/environment/ament_prefix_path.dsv
[18.224s] -- Up-to-date: /home/ake/A.Ke/A.Ke_common/cloudpoint_pcd/src/change_pcd/install/change_pcd/share/change_pcd/environment/path.sh
[18.224s] -- Up-to-date: /home/ake/A.Ke/A.Ke_common/cloudpoint_pcd/src/change_pcd/install/change_pcd/share/change_pcd/environment/path.dsv
[18.224s] -- Up-to-date: /home/ake/A.Ke/A.Ke_common/cloudpoint_pcd/src/change_pcd/install/change_pcd/share/change_pcd/local_setup.bash
[18.224s] -- Up-to-date: /home/ake/A.Ke/A.Ke_common/cloudpoint_pcd/src/change_pcd/install/change_pcd/share/change_pcd/local_setup.sh
[18.225s] -- Up-to-date: /home/ake/A.Ke/A.Ke_common/cloudpoint_pcd/src/change_pcd/install/change_pcd/share/change_pcd/local_setup.zsh
[18.225s] -- Up-to-date: /home/ake/A.Ke/A.Ke_common/cloudpoint_pcd/src/change_pcd/install/change_pcd/share/change_pcd/local_setup.dsv
[18.225s] -- Installing: /home/ake/A.Ke/A.Ke_common/cloudpoint_pcd/src/change_pcd/install/change_pcd/share/change_pcd/package.dsv
[18.227s] -- Up-to-date: /home/ake/A.Ke/A.Ke_common/cloudpoint_pcd/src/change_pcd/install/change_pcd/share/ament_index/resource_index/packages/change_pcd
[18.228s] -- Up-to-date: /home/ake/A.Ke/A.Ke_common/cloudpoint_pcd/src/change_pcd/install/change_pcd/share/change_pcd/cmake/change_pcdConfig.cmake
[18.228s] -- Up-to-date: /home/ake/A.Ke/A.Ke_common/cloudpoint_pcd/src/change_pcd/install/change_pcd/share/change_pcd/cmake/change_pcdConfig-version.cmake
[18.228s] -- Up-to-date: /home/ake/A.Ke/A.Ke_common/cloudpoint_pcd/src/change_pcd/install/change_pcd/share/change_pcd/package.xml
[18.231s] Invoked command in '/home/ake/A.Ke/A.Ke_common/cloudpoint_pcd/src/change_pcd/build/change_pcd' returned '0': CMAKE_PREFIX_PATH=${CMAKE_PREFIX_PATH}:/opt/ros/humble CONDA_PROMPT_MODIFIER=(base) /usr/bin/cmake --install /home/ake/A.Ke/A.Ke_common/cloudpoint_pcd/src/change_pcd/build/change_pcd
