[0.018s] Invoking command in '/home/ake/A.Ke/A.Ke_common/cloudpoint_pcd/src/change_pcd/build/change_pcd': CMAKE_PREFIX_PATH=${CMAKE_PREFIX_PATH}:/opt/ros/humble CONDA_PROMPT_MODIFIER=(base) /usr/bin/cmake --build /home/ake/A.Ke/A.Ke_common/cloudpoint_pcd/src/change_pcd/build/change_pcd -- -j2 -l2
[0.301s] [35m[1mConsolidate compiler generated dependencies of target change_pcd[0m
[0.398s] [ 50%] [32mBuilding CXX object CMakeFiles/change_pcd.dir/src/change_pcd.cpp.o[0m
[16.249s] [100%] [32m[1mLinking CXX executable change_pcd[0m
[17.427s] [100%] Built target change_pcd
[17.461s] Invoked command in '/home/ake/A.Ke/A.Ke_common/cloudpoint_pcd/src/change_pcd/build/change_pcd' returned '0': CMAKE_PREFIX_PATH=${CMAKE_PREFIX_PATH}:/opt/ros/humble CONDA_PROMPT_MODIFIER=(base) /usr/bin/cmake --build /home/ake/A.Ke/A.Ke_common/cloudpoint_pcd/src/change_pcd/build/change_pcd -- -j2 -l2
[17.606s] Invoking command in '/home/ake/A.Ke/A.Ke_common/cloudpoint_pcd/src/change_pcd/build/change_pcd': CMAKE_PREFIX_PATH=${CMAKE_PREFIX_PATH}:/opt/ros/humble CONDA_PROMPT_MODIFIER=(base) /usr/bin/cmake --install /home/ake/A.Ke/A.Ke_common/cloudpoint_pcd/src/change_pcd/build/change_pcd
[17.644s] -- Install configuration: ""
[17.644s] -- Installing: /home/ake/A.Ke/A.Ke_common/cloudpoint_pcd/src/change_pcd/install/change_pcd/lib/change_pcd/change_pcd
[17.644s] -- Set runtime path of "/home/ake/A.Ke/A.Ke_common/cloudpoint_pcd/src/change_pcd/install/change_pcd/lib/change_pcd/change_pcd" to ""
[17.645s] -- Up-to-date: /home/ake/A.Ke/A.Ke_common/cloudpoint_pcd/src/change_pcd/install/change_pcd/share/ament_index/resource_index/package_run_dependencies/change_pcd
[17.645s] -- Up-to-date: /home/ake/A.Ke/A.Ke_common/cloudpoint_pcd/src/change_pcd/install/change_pcd/share/ament_index/resource_index/parent_prefix_path/change_pcd
[17.645s] -- Up-to-date: /home/ake/A.Ke/A.Ke_common/cloudpoint_pcd/src/change_pcd/install/change_pcd/share/change_pcd/environment/ament_prefix_path.sh
[17.648s] -- Up-to-date: /home/ake/A.Ke/A.Ke_common/cloudpoint_pcd/src/change_pcd/install/change_pcd/share/change_pcd/environment/ament_prefix_path.dsv
[17.648s] -- Up-to-date: /home/ake/A.Ke/A.Ke_common/cloudpoint_pcd/src/change_pcd/install/change_pcd/share/change_pcd/environment/path.sh
[17.648s] -- Up-to-date: /home/ake/A.Ke/A.Ke_common/cloudpoint_pcd/src/change_pcd/install/change_pcd/share/change_pcd/environment/path.dsv
[17.648s] -- Up-to-date: /home/ake/A.Ke/A.Ke_common/cloudpoint_pcd/src/change_pcd/install/change_pcd/share/change_pcd/local_setup.bash
[17.649s] -- Up-to-date: /home/ake/A.Ke/A.Ke_common/cloudpoint_pcd/src/change_pcd/install/change_pcd/share/change_pcd/local_setup.sh
[17.649s] -- Up-to-date: /home/ake/A.Ke/A.Ke_common/cloudpoint_pcd/src/change_pcd/install/change_pcd/share/change_pcd/local_setup.zsh
[17.649s] -- Up-to-date: /home/ake/A.Ke/A.Ke_common/cloudpoint_pcd/src/change_pcd/install/change_pcd/share/change_pcd/local_setup.dsv
[17.649s] -- Installing: /home/ake/A.Ke/A.Ke_common/cloudpoint_pcd/src/change_pcd/install/change_pcd/share/change_pcd/package.dsv
[17.649s] -- Up-to-date: /home/ake/A.Ke/A.Ke_common/cloudpoint_pcd/src/change_pcd/install/change_pcd/share/ament_index/resource_index/packages/change_pcd
[17.651s] -- Up-to-date: /home/ake/A.Ke/A.Ke_common/cloudpoint_pcd/src/change_pcd/install/change_pcd/share/change_pcd/cmake/change_pcdConfig.cmake
[17.651s] -- Up-to-date: /home/ake/A.Ke/A.Ke_common/cloudpoint_pcd/src/change_pcd/install/change_pcd/share/change_pcd/cmake/change_pcdConfig-version.cmake
[17.651s] -- Up-to-date: /home/ake/A.Ke/A.Ke_common/cloudpoint_pcd/src/change_pcd/install/change_pcd/share/change_pcd/package.xml
[17.656s] Invoked command in '/home/ake/A.Ke/A.Ke_common/cloudpoint_pcd/src/change_pcd/build/change_pcd' returned '0': CMAKE_PREFIX_PATH=${CMAKE_PREFIX_PATH}:/opt/ros/humble CONDA_PROMPT_MODIFIER=(base) /usr/bin/cmake --install /home/ake/A.Ke/A.Ke_common/cloudpoint_pcd/src/change_pcd/build/change_pcd
