[0.030s] Invoking command in '/home/ake/A.Ke/A.Ke_common/cloudpoint_pcd/src/pcd_learn/build/pcd_learn': CMAKE_PREFIX_PATH=/opt/ros/humble CONDA_PROMPT_MODIFIER=(base) /usr/bin/cmake --build /home/ake/A.Ke/A.Ke_common/cloudpoint_pcd/src/pcd_learn/build/pcd_learn -- -j2 -l2
[0.117s] [35m[1mConsolidate compiler generated dependencies of target pcd_learn[0m
[0.677s] [ 50%] [32mBuilding CXX object CMakeFiles/pcd_learn.dir/src/pcd_learn.cpp.o[0m
[12.321s] [100%] [32m[1mLinking CXX executable pcd_learn[0m
[13.310s] [100%] Built target pcd_learn
[13.353s] Invoked command in '/home/ake/A.Ke/A.Ke_common/cloudpoint_pcd/src/pcd_learn/build/pcd_learn' returned '0': CMAKE_PREFIX_PATH=/opt/ros/humble CONDA_PROMPT_MODIFIER=(base) /usr/bin/cmake --build /home/ake/A.Ke/A.Ke_common/cloudpoint_pcd/src/pcd_learn/build/pcd_learn -- -j2 -l2
[13.475s] Invoking command in '/home/ake/A.Ke/A.Ke_common/cloudpoint_pcd/src/pcd_learn/build/pcd_learn': CMAKE_PREFIX_PATH=/opt/ros/humble CONDA_PROMPT_MODIFIER=(base) /usr/bin/cmake --install /home/ake/A.Ke/A.Ke_common/cloudpoint_pcd/src/pcd_learn/build/pcd_learn
[13.494s] -- Install configuration: ""
[13.496s] -- Installing: /home/ake/A.Ke/A.Ke_common/cloudpoint_pcd/src/pcd_learn/install/pcd_learn/lib/pcd_learn/pcd_learn
[13.503s] -- Set runtime path of "/home/ake/A.Ke/A.Ke_common/cloudpoint_pcd/src/pcd_learn/install/pcd_learn/lib/pcd_learn/pcd_learn" to ""
[13.503s] -- Installing: /home/ake/A.Ke/A.Ke_common/cloudpoint_pcd/src/pcd_learn/install/pcd_learn/share/ament_index/resource_index/package_run_dependencies/pcd_learn
[13.504s] -- Installing: /home/ake/A.Ke/A.Ke_common/cloudpoint_pcd/src/pcd_learn/install/pcd_learn/share/ament_index/resource_index/parent_prefix_path/pcd_learn
[13.506s] -- Installing: /home/ake/A.Ke/A.Ke_common/cloudpoint_pcd/src/pcd_learn/install/pcd_learn/share/pcd_learn/environment/ament_prefix_path.sh
[13.507s] -- Installing: /home/ake/A.Ke/A.Ke_common/cloudpoint_pcd/src/pcd_learn/install/pcd_learn/share/pcd_learn/environment/ament_prefix_path.dsv
[13.507s] -- Installing: /home/ake/A.Ke/A.Ke_common/cloudpoint_pcd/src/pcd_learn/install/pcd_learn/share/pcd_learn/environment/path.sh
[13.507s] -- Installing: /home/ake/A.Ke/A.Ke_common/cloudpoint_pcd/src/pcd_learn/install/pcd_learn/share/pcd_learn/environment/path.dsv
[13.507s] -- Installing: /home/ake/A.Ke/A.Ke_common/cloudpoint_pcd/src/pcd_learn/install/pcd_learn/share/pcd_learn/local_setup.bash
[13.511s] -- Installing: /home/ake/A.Ke/A.Ke_common/cloudpoint_pcd/src/pcd_learn/install/pcd_learn/share/pcd_learn/local_setup.sh
[13.512s] -- Installing: /home/ake/A.Ke/A.Ke_common/cloudpoint_pcd/src/pcd_learn/install/pcd_learn/share/pcd_learn/local_setup.zsh
[13.512s] -- Installing: /home/ake/A.Ke/A.Ke_common/cloudpoint_pcd/src/pcd_learn/install/pcd_learn/share/pcd_learn/local_setup.dsv
[13.512s] -- Installing: /home/ake/A.Ke/A.Ke_common/cloudpoint_pcd/src/pcd_learn/install/pcd_learn/share/pcd_learn/package.dsv
[13.512s] -- Installing: /home/ake/A.Ke/A.Ke_common/cloudpoint_pcd/src/pcd_learn/install/pcd_learn/share/ament_index/resource_index/packages/pcd_learn
[13.512s] -- Installing: /home/ake/A.Ke/A.Ke_common/cloudpoint_pcd/src/pcd_learn/install/pcd_learn/share/pcd_learn/cmake/pcd_learnConfig.cmake
[13.512s] -- Installing: /home/ake/A.Ke/A.Ke_common/cloudpoint_pcd/src/pcd_learn/install/pcd_learn/share/pcd_learn/cmake/pcd_learnConfig-version.cmake
[13.512s] -- Installing: /home/ake/A.Ke/A.Ke_common/cloudpoint_pcd/src/pcd_learn/install/pcd_learn/share/pcd_learn/package.xml
[13.517s] Invoked command in '/home/ake/A.Ke/A.Ke_common/cloudpoint_pcd/src/pcd_learn/build/pcd_learn' returned '0': CMAKE_PREFIX_PATH=/opt/ros/humble CONDA_PROMPT_MODIFIER=(base) /usr/bin/cmake --install /home/ake/A.Ke/A.Ke_common/cloudpoint_pcd/src/pcd_learn/build/pcd_learn
