[0.023s] Invoking command in '/home/ake/A.Ke/A.Ke_common/cloudpoint_pcd/src/pcd_learn/build/pcd_learn': CMAKE_PREFIX_PATH=${CMAKE_PREFIX_PATH}:/opt/ros/humble CONDA_PROMPT_MODIFIER=(base) /usr/bin/cmake --build /home/ake/A.Ke/A.Ke_common/cloudpoint_pcd/src/pcd_learn/build/pcd_learn -- -j2 -l2
[0.123s] [35m[1mConsolidate compiler generated dependencies of target pcd_learn[0m
[0.183s] [ 50%] [32mBuilding CXX object CMakeFiles/pcd_learn.dir/src/pcd_learn.cpp.o[0m
[9.612s] [100%] [32m[1mLinking CXX executable pcd_learn[0m
[10.627s] [100%] Built target pcd_learn
[10.653s] Invoked command in '/home/ake/A.Ke/A.Ke_common/cloudpoint_pcd/src/pcd_learn/build/pcd_learn' returned '0': CMAKE_PREFIX_PATH=${CMAKE_PREFIX_PATH}:/opt/ros/humble CONDA_PROMPT_MODIFIER=(base) /usr/bin/cmake --build /home/ake/A.Ke/A.Ke_common/cloudpoint_pcd/src/pcd_learn/build/pcd_learn -- -j2 -l2
[10.767s] Invoking command in '/home/ake/A.Ke/A.Ke_common/cloudpoint_pcd/src/pcd_learn/build/pcd_learn': CMAKE_PREFIX_PATH=${CMAKE_PREFIX_PATH}:/opt/ros/humble CONDA_PROMPT_MODIFIER=(base) /usr/bin/cmake --install /home/ake/A.Ke/A.Ke_common/cloudpoint_pcd/src/pcd_learn/build/pcd_learn
[10.789s] -- Install configuration: ""
[10.794s] -- Installing: /home/ake/A.Ke/A.Ke_common/cloudpoint_pcd/src/pcd_learn/install/pcd_learn/lib/pcd_learn/pcd_learn
[10.806s] -- Set runtime path of "/home/ake/A.Ke/A.Ke_common/cloudpoint_pcd/src/pcd_learn/install/pcd_learn/lib/pcd_learn/pcd_learn" to ""
[10.806s] -- Up-to-date: /home/ake/A.Ke/A.Ke_common/cloudpoint_pcd/src/pcd_learn/install/pcd_learn/share/ament_index/resource_index/package_run_dependencies/pcd_learn
[10.806s] -- Up-to-date: /home/ake/A.Ke/A.Ke_common/cloudpoint_pcd/src/pcd_learn/install/pcd_learn/share/ament_index/resource_index/parent_prefix_path/pcd_learn
[10.808s] -- Up-to-date: /home/ake/A.Ke/A.Ke_common/cloudpoint_pcd/src/pcd_learn/install/pcd_learn/share/pcd_learn/environment/ament_prefix_path.sh
[10.808s] -- Up-to-date: /home/ake/A.Ke/A.Ke_common/cloudpoint_pcd/src/pcd_learn/install/pcd_learn/share/pcd_learn/environment/ament_prefix_path.dsv
[10.808s] -- Up-to-date: /home/ake/A.Ke/A.Ke_common/cloudpoint_pcd/src/pcd_learn/install/pcd_learn/share/pcd_learn/environment/path.sh
[10.808s] -- Up-to-date: /home/ake/A.Ke/A.Ke_common/cloudpoint_pcd/src/pcd_learn/install/pcd_learn/share/pcd_learn/environment/path.dsv
[10.808s] -- Up-to-date: /home/ake/A.Ke/A.Ke_common/cloudpoint_pcd/src/pcd_learn/install/pcd_learn/share/pcd_learn/local_setup.bash
[10.808s] -- Up-to-date: /home/ake/A.Ke/A.Ke_common/cloudpoint_pcd/src/pcd_learn/install/pcd_learn/share/pcd_learn/local_setup.sh
[10.808s] -- Up-to-date: /home/ake/A.Ke/A.Ke_common/cloudpoint_pcd/src/pcd_learn/install/pcd_learn/share/pcd_learn/local_setup.zsh
[10.808s] -- Up-to-date: /home/ake/A.Ke/A.Ke_common/cloudpoint_pcd/src/pcd_learn/install/pcd_learn/share/pcd_learn/local_setup.dsv
[10.809s] -- Installing: /home/ake/A.Ke/A.Ke_common/cloudpoint_pcd/src/pcd_learn/install/pcd_learn/share/pcd_learn/package.dsv
[10.809s] -- Up-to-date: /home/ake/A.Ke/A.Ke_common/cloudpoint_pcd/src/pcd_learn/install/pcd_learn/share/ament_index/resource_index/packages/pcd_learn
[10.809s] -- Up-to-date: /home/ake/A.Ke/A.Ke_common/cloudpoint_pcd/src/pcd_learn/install/pcd_learn/share/pcd_learn/cmake/pcd_learnConfig.cmake
[10.809s] -- Up-to-date: /home/ake/A.Ke/A.Ke_common/cloudpoint_pcd/src/pcd_learn/install/pcd_learn/share/pcd_learn/cmake/pcd_learnConfig-version.cmake
[10.809s] -- Up-to-date: /home/ake/A.Ke/A.Ke_common/cloudpoint_pcd/src/pcd_learn/install/pcd_learn/share/pcd_learn/package.xml
[10.816s] Invoked command in '/home/ake/A.Ke/A.Ke_common/cloudpoint_pcd/src/pcd_learn/build/pcd_learn' returned '0': CMAKE_PREFIX_PATH=${CMAKE_PREFIX_PATH}:/opt/ros/humble CONDA_PROMPT_MODIFIER=(base) /usr/bin/cmake --install /home/ake/A.Ke/A.Ke_common/cloudpoint_pcd/src/pcd_learn/build/pcd_learn
