-- The C compiler identification is GNU 11.4.0
-- The CXX compiler identification is GNU 11.4.0
-- Detecting C compiler ABI info
-- Detecting C compiler ABI info - done
-- Check for working C compiler: /usr/bin/cc - skipped
-- Detecting C compile features
-- Detecting C compile features - done
-- Detecting CXX compiler ABI info
-- Detecting CXX compiler ABI info - done
-- Check for working CXX compiler: /usr/bin/c++ - skipped
-- Detecting CXX compile features
-- Detecting CXX compile features - done
-- Found ament_cmake: 1.3.9 (/opt/ros/humble/share/ament_cmake/cmake)
-- Found Python3: /usr/bin/python3 (found version "3.10.12") found components: Interpreter 
-- Found rclcpp: 16.0.9 (/opt/ros/humble/share/rclcpp/cmake)
-- Found rosidl_generator_c: 3.1.5 (/opt/ros/humble/share/rosidl_generator_c/cmake)
-- Found rosidl_adapter: 3.1.5 (/opt/ros/humble/share/rosidl_adapter/cmake)
-- Found rosidl_generator_cpp: 3.1.5 (/opt/ros/humble/share/rosidl_generator_cpp/cmake)
-- Using all available rosidl_typesupport_c: rosidl_typesupport_fastrtps_c;rosidl_typesupport_introspection_c
-- Using all available rosidl_typesupport_cpp: rosidl_typesupport_fastrtps_cpp;rosidl_typesupport_introspection_cpp
-- Found rmw_implementation_cmake: 6.1.2 (/opt/ros/humble/share/rmw_implementation_cmake/cmake)
-- Found rmw_fastrtps_cpp: 6.2.6 (/opt/ros/humble/share/rmw_fastrtps_cpp/cmake)
-- Found OpenSSL: /usr/lib/x86_64-linux-gnu/libcrypto.so (found version "3.0.2")  
-- Found FastRTPS: /opt/ros/humble/include  
-- Using RMW implementation 'rmw_fastrtps_cpp' as default
-- Looking for pthread.h
-- Looking for pthread.h - found
-- Performing Test CMAKE_HAVE_LIBC_PTHREAD
-- Performing Test CMAKE_HAVE_LIBC_PTHREAD - Success
-- Found Threads: TRUE  
-- Found ament_lint_auto: 0.12.11 (/opt/ros/humble/share/ament_lint_auto/cmake)
-- Added test 'cppcheck' to perform static code analysis on C / C++ code
-- Configured cppcheck include dirs: $<BUILD_INTERFACE:/home/ake/æ¡Œé¢/A.Ke_common/tracker_learn/include>
-- Configured cppcheck exclude dirs and/or files: 
-- Added test 'flake8' to check Python code syntax and style conventions
-- Added test 'lint_cmake' to check CMake code style
-- Added test 'pep257' to check Python code against some of the docstring style conventions in PEP 257
-- Added test 'uncrustify' to check C / C++ code style
-- Configured uncrustify additional arguments: 
-- Added test 'xmllint' to check XML markup files
-- Configuring done
-- Generating done
-- Build files have been written to: /home/ake/æ¡Œé¢/A.Ke_common/build/tracker_learn
[ 25%] [32mBuilding CXX object CMakeFiles/founder_node.dir/src/founder_node.cpp.o[0m
[ 50%] [32mBuilding CXX object CMakeFiles/tracker_node.dir/src/tracker_node.cpp.o[0m
[ 75%] [32m[1mLinking CXX executable founder_node[0m
[ 75%] Built target founder_node
[100%] [32m[1mLinking CXX executable tracker_node[0m
[100%] Built target tracker_node
-- Install configuration: ""
-- Installing: /home/ake/æ¡Œé¢/A.Ke_common/install/tracker_learn/lib/tracker_learn/founder_node
-- Set runtime path of "/home/ake/æ¡Œé¢/A.Ke_common/install/tracker_learn/lib/tracker_learn/founder_node" to ""
-- Installing: /home/ake/æ¡Œé¢/A.Ke_common/install/tracker_learn/lib/tracker_learn/tracker_node
-- Set runtime path of "/home/ake/æ¡Œé¢/A.Ke_common/install/tracker_learn/lib/tracker_learn/tracker_node" to ""
-- Installing: /home/ake/æ¡Œé¢/A.Ke_common/install/tracker_learn/share/ament_index/resource_index/package_run_dependencies/tracker_learn
-- Installing: /home/ake/æ¡Œé¢/A.Ke_common/install/tracker_learn/share/ament_index/resource_index/parent_prefix_path/tracker_learn
-- Installing: /home/ake/æ¡Œé¢/A.Ke_common/install/tracker_learn/share/tracker_learn/environment/ament_prefix_path.sh
-- Installing: /home/ake/æ¡Œé¢/A.Ke_common/install/tracker_learn/share/tracker_learn/environment/ament_prefix_path.dsv
-- Installing: /home/ake/æ¡Œé¢/A.Ke_common/install/tracker_learn/share/tracker_learn/environment/path.sh
-- Installing: /home/ake/æ¡Œé¢/A.Ke_common/install/tracker_learn/share/tracker_learn/environment/path.dsv
-- Installing: /home/ake/æ¡Œé¢/A.Ke_common/install/tracker_learn/share/tracker_learn/local_setup.bash
-- Installing: /home/ake/æ¡Œé¢/A.Ke_common/install/tracker_learn/share/tracker_learn/local_setup.sh
-- Installing: /home/ake/æ¡Œé¢/A.Ke_common/install/tracker_learn/share/tracker_learn/local_setup.zsh
-- Installing: /home/ake/æ¡Œé¢/A.Ke_common/install/tracker_learn/share/tracker_learn/local_setup.dsv
-- Installing: /home/ake/æ¡Œé¢/A.Ke_common/install/tracker_learn/share/tracker_learn/package.dsv
-- Installing: /home/ake/æ¡Œé¢/A.Ke_common/install/tracker_learn/share/ament_index/resource_index/packages/tracker_learn
-- Installing: /home/ake/æ¡Œé¢/A.Ke_common/install/tracker_learn/share/tracker_learn/cmake/tracker_learnConfig.cmake
-- Installing: /home/ake/æ¡Œé¢/A.Ke_common/install/tracker_learn/share/tracker_learn/cmake/tracker_learnConfig-version.cmake
-- Installing: /home/ake/æ¡Œé¢/A.Ke_common/install/tracker_learn/share/tracker_learn/package.xml
