[0.060s] Invoking command in '/home/ake/A.Ke/A.Ke_common/cloudpoint_pcd/src/pcd_learn/build/pcd_learn': CMAKE_PREFIX_PATH=${CMAKE_PREFIX_PATH}:/opt/ros/humble CONDA_PROMPT_MODIFIER=(base) /usr/bin/cmake --build /home/ake/A.Ke/A.Ke_common/cloudpoint_pcd/src/pcd_learn/build/pcd_learn -- -j2 -l2
[0.204s] [35m[1mConsolidate compiler generated dependencies of target pcd_learn[0m
[0.300s] [ 50%] [32mBuilding CXX object CMakeFiles/pcd_learn.dir/src/pcd_learn.cpp.o[0m
[15.432s] [100%] [32m[1mLinking CXX executable pcd_learn[0m
[16.594s] [100%] Built target pcd_learn
[16.606s] Invoked command in '/home/ake/A.Ke/A.Ke_common/cloudpoint_pcd/src/pcd_learn/build/pcd_learn' returned '0': CMAKE_PREFIX_PATH=${CMAKE_PREFIX_PATH}:/opt/ros/humble CONDA_PROMPT_MODIFIER=(base) /usr/bin/cmake --build /home/ake/A.Ke/A.Ke_common/cloudpoint_pcd/src/pcd_learn/build/pcd_learn -- -j2 -l2
[16.714s] Invoking command in '/home/ake/A.Ke/A.Ke_common/cloudpoint_pcd/src/pcd_learn/build/pcd_learn': CMAKE_PREFIX_PATH=${CMAKE_PREFIX_PATH}:/opt/ros/humble CONDA_PROMPT_MODIFIER=(base) /usr/bin/cmake --install /home/ake/A.Ke/A.Ke_common/cloudpoint_pcd/src/pcd_learn/build/pcd_learn
[16.776s] -- Install configuration: "Debug"
[16.777s] -- Installing: /home/ake/A.Ke/A.Ke_common/cloudpoint_pcd/src/pcd_learn/install/pcd_learn/lib/pcd_learn/pcd_learn
[16.782s] -- Set runtime path of "/home/ake/A.Ke/A.Ke_common/cloudpoint_pcd/src/pcd_learn/install/pcd_learn/lib/pcd_learn/pcd_learn" to ""
[16.783s] -- Up-to-date: /home/ake/A.Ke/A.Ke_common/cloudpoint_pcd/src/pcd_learn/install/pcd_learn/share/ament_index/resource_index/package_run_dependencies/pcd_learn
[16.783s] -- Up-to-date: /home/ake/A.Ke/A.Ke_common/cloudpoint_pcd/src/pcd_learn/install/pcd_learn/share/ament_index/resource_index/parent_prefix_path/pcd_learn
[16.783s] -- Up-to-date: /home/ake/A.Ke/A.Ke_common/cloudpoint_pcd/src/pcd_learn/install/pcd_learn/share/pcd_learn/environment/ament_prefix_path.sh
[16.783s] -- Up-to-date: /home/ake/A.Ke/A.Ke_common/cloudpoint_pcd/src/pcd_learn/install/pcd_learn/share/pcd_learn/environment/ament_prefix_path.dsv
[16.783s] -- Up-to-date: /home/ake/A.Ke/A.Ke_common/cloudpoint_pcd/src/pcd_learn/install/pcd_learn/share/pcd_learn/environment/path.sh
[16.783s] -- Up-to-date: /home/ake/A.Ke/A.Ke_common/cloudpoint_pcd/src/pcd_learn/install/pcd_learn/share/pcd_learn/environment/path.dsv
[16.784s] -- Up-to-date: /home/ake/A.Ke/A.Ke_common/cloudpoint_pcd/src/pcd_learn/install/pcd_learn/share/pcd_learn/local_setup.bash
[16.784s] -- Up-to-date: /home/ake/A.Ke/A.Ke_common/cloudpoint_pcd/src/pcd_learn/install/pcd_learn/share/pcd_learn/local_setup.sh
[16.784s] -- Up-to-date: /home/ake/A.Ke/A.Ke_common/cloudpoint_pcd/src/pcd_learn/install/pcd_learn/share/pcd_learn/local_setup.zsh
[16.784s] -- Up-to-date: /home/ake/A.Ke/A.Ke_common/cloudpoint_pcd/src/pcd_learn/install/pcd_learn/share/pcd_learn/local_setup.dsv
[16.784s] -- Installing: /home/ake/A.Ke/A.Ke_common/cloudpoint_pcd/src/pcd_learn/install/pcd_learn/share/pcd_learn/package.dsv
[16.784s] -- Up-to-date: /home/ake/A.Ke/A.Ke_common/cloudpoint_pcd/src/pcd_learn/install/pcd_learn/share/ament_index/resource_index/packages/pcd_learn
[16.786s] -- Up-to-date: /home/ake/A.Ke/A.Ke_common/cloudpoint_pcd/src/pcd_learn/install/pcd_learn/share/pcd_learn/cmake/pcd_learnConfig.cmake
[16.786s] -- Up-to-date: /home/ake/A.Ke/A.Ke_common/cloudpoint_pcd/src/pcd_learn/install/pcd_learn/share/pcd_learn/cmake/pcd_learnConfig-version.cmake
[16.787s] -- Up-to-date: /home/ake/A.Ke/A.Ke_common/cloudpoint_pcd/src/pcd_learn/install/pcd_learn/share/pcd_learn/package.xml
[16.787s] Invoked command in '/home/ake/A.Ke/A.Ke_common/cloudpoint_pcd/src/pcd_learn/build/pcd_learn' returned '0': CMAKE_PREFIX_PATH=${CMAKE_PREFIX_PATH}:/opt/ros/humble CONDA_PROMPT_MODIFIER=(base) /usr/bin/cmake --install /home/ake/A.Ke/A.Ke_common/cloudpoint_pcd/src/pcd_learn/build/pcd_learn
